[10/06/17, 23:27:29:458] info: ╔════════════════════════════════════════════════════════════════════════════╗
[10/06/17, 23:27:29:459] info: ║      Slack 2.7.1, linux 4.9.52-1-lts on x64 at 10/06/17, 23:27:29:453      ║
[10/06/17, 23:27:29:460] info: ╚════════════════════════════════════════════════════════════════════════════╝
[10/06/17, 23:27:29:920] info: TranslationLookup: locale set to en-US for renderer
[10/06/17, 23:27:30:008] info: WebViewLifeCycle: Creating subscribable lifecycle object
{ objectId: 'T5ECU7L10', assignedId: 1 }
[10/06/17, 23:27:30:009] info: WebView LifeCycle: New webview component created for T5ECU7L10:1', with state 'unloaded'
[10/06/17, 23:27:30:012] info: WebViewLifeCycle: Creating subscribable lifecycle object
{ objectId: 'T57SMF4GH', assignedId: 2 }
[10/06/17, 23:27:30:013] info: WebView LifeCycle: New webview component created for T57SMF4GH:2', with state 'unloaded'
[10/06/17, 23:27:30:017] info: TeamsDisplay: T5ECU7L10 usage: 0
[10/06/17, 23:27:30:018] info: TeamsDisplay: T57SMF4GH usage: 0
[10/06/17, 23:27:30:020] info: Store: SET_NETWORK_STATUS online
[10/06/17, 23:27:30:137] info: Checking network connection to Slack...
[10/06/17, 23:27:30:141] info: Store: APP_STARTED
{ updated: { events: { eventId: 1 } } }
[10/06/17, 23:27:31:059] info: Store: SAVE_WINDOW_SETTINGS
{ updated: { windowFrame: { windowSettings: [Object] } } }
[10/06/17, 23:27:33:871] info: Store: SELECT_CHANNEL
{ updated: { appTeams: { selectedChannelId: 'D59GTKNNA' } } }
[10/06/17, 23:27:33:959] info: Store: SELECT_CHANNEL
{ updated: { appTeams: { selectedChannelId: 'D5DP8N3CG' } } }
[10/06/17, 23:27:34:422] info: TeamView: Bugsnag user: U58PSFP1S
[10/06/17, 23:27:34:431] info: WebViewLifeCycle: State changed
{ id: 'T57SMF4GH',
  componentId: 2,
  newState: 'page-loaded',
  data: null }
[10/06/17, 23:27:34:432] info: Store: page-loaded
[10/06/17, 23:27:34:871] info: Webapp finished loading
[10/06/17, 23:27:34:874] info: WebViewLifeCycle: State changed
{ id: 'T57SMF4GH',
  componentId: 2,
  newState: 'webapp-loaded',
  data: null }
[10/06/17, 23:27:34:875] info: Store: webapp-loaded
[10/06/17, 23:27:34:945] info: WebViewLifeCycle: State changed
{ id: 'T5ECU7L10',
  componentId: 1,
  newState: 'page-loaded',
  data: null }
[10/06/17, 23:27:34:946] info: Store: page-loaded
[10/06/17, 23:27:34:968] info: Store: [7] Store an API token for a team
{ updated: { tokens: { T57SMF4GH: [Object] } } }
[10/06/17, 23:27:35:676] info: Webapp finished loading
[10/06/17, 23:27:35:677] info: WebViewLifeCycle: State changed
{ id: 'T5ECU7L10',
  componentId: 1,
  newState: 'webapp-loaded',
  data: null }
[10/06/17, 23:27:35:678] info: Store: webapp-loaded
[10/06/17, 23:27:35:852] info: Store: [7] Store an API token for a team
{ updated: { tokens: { T5ECU7L10: [Object] } } }
