[09/29/17, 10:16:21:580] info: ╔════════════════════════════════════════════════════════════════════════════╗
[09/29/17, 10:16:21:581] info: ║      Slack 2.7.1, linux 4.9.51-1-lts on x64 at 09/29/17, 10:16:21:575      ║
[09/29/17, 10:16:21:582] info: ╚════════════════════════════════════════════════════════════════════════════╝
[09/29/17, 10:16:22:027] info: TranslationLookup: locale set to en-US for renderer
[09/29/17, 10:16:22:131] info: WebViewLifeCycle: Creating subscribable lifecycle object
{ objectId: 'T5ECU7L10', assignedId: 1 }
[09/29/17, 10:16:22:133] info: WebView LifeCycle: New webview component created for T5ECU7L10:1', with state 'unloaded'
[09/29/17, 10:16:22:134] info: WebViewLifeCycle: Creating subscribable lifecycle object
{ objectId: 'T57SMF4GH', assignedId: 2 }
[09/29/17, 10:16:22:135] info: WebView LifeCycle: New webview component created for T57SMF4GH:2', with state 'unloaded'
[09/29/17, 10:16:22:139] info: TeamsDisplay: T5ECU7L10 usage: 0
[09/29/17, 10:16:22:140] info: TeamsDisplay: T57SMF4GH usage: 0
[09/29/17, 10:16:22:142] info: Store: SET_NETWORK_STATUS online
[09/29/17, 10:16:22:251] info: Checking network connection to Slack...
[09/29/17, 10:16:22:257] info: Store: APP_STARTED
{ updated: { events: { eventId: 1 } } }
[09/29/17, 10:16:23:163] info: Store: SAVE_WINDOW_SETTINGS
{ updated: { windowFrame: { windowSettings: [Object] } } }
[09/29/17, 10:16:25:731] info: Store: SELECT_CHANNEL
{ updated: { appTeams: { selectedChannelId: 'C58GPA545' } } }
[09/29/17, 10:16:25:767] info: Store: SELECT_CHANNEL
{ updated: { appTeams: { selectedChannelId: 'D5DP8N3CG' } } }
[09/29/17, 10:16:26:382] info: Store: SELECT_TEAM T57SMF4GH
[09/29/17, 10:16:26:393] info: Store: SELECT_TEAM
{ updated: { appTeams: { selectedTeamId: 'T57SMF4GH' } } }
[09/29/17, 10:16:26:396] info: TeamsDisplay: Team T5ECU7L10 was active for 4255ms
[09/29/17, 10:16:26:403] info: TeamView: Bugsnag user: U58PSFP1S
[09/29/17, 10:16:26:438] info: WebViewLifeCycle: State changed
{ id: 'T57SMF4GH',
  componentId: 2,
  newState: 'page-loaded',
  data: null }
[09/29/17, 10:16:26:439] info: Store: page-loaded
[09/29/17, 10:16:26:744] info: WebViewLifeCycle: State changed
{ id: 'T5ECU7L10',
  componentId: 1,
  newState: 'page-loaded',
  data: null }
[09/29/17, 10:16:26:746] info: Store: page-loaded
[09/29/17, 10:16:26:835] info: Webapp finished loading
[09/29/17, 10:16:26:837] info: WebViewLifeCycle: State changed
{ id: 'T57SMF4GH',
  componentId: 2,
  newState: 'webapp-loaded',
  data: null }
[09/29/17, 10:16:26:838] info: Store: webapp-loaded
[09/29/17, 10:16:27:029] info: Store: [7] Store an API token for a team
{ updated: { tokens: { T57SMF4GH: [Object] } } }
[09/29/17, 10:16:27:582] info: Webapp finished loading
[09/29/17, 10:16:27:584] info: WebViewLifeCycle: State changed
{ id: 'T5ECU7L10',
  componentId: 1,
  newState: 'webapp-loaded',
  data: null }
[09/29/17, 10:16:27:585] info: Store: webapp-loaded
[09/29/17, 10:16:27:680] info: Store: [7] Store an API token for a team
{ updated: { tokens: { T5ECU7L10: [Object] } } }
[09/29/17, 10:16:43:751] info: Store: SAVE_WINDOW_SETTINGS
{ updated: { windowFrame: { windowSettings: [Object] } } }
[09/29/17, 10:18:19:638] info: Store: SELECT_CHANNEL
{ updated: { appTeams: { selectedChannelId: 'D59GTKNNA' } } }
[09/29/17, 10:23:15:471] info: Store: NEW_NOTIFICATION
{ updated: { notifications: { notifications: [Object], newNotification: [Object] } },
  deleted: {} }
[09/29/17, 10:24:48:041] info: Store: SELECT_CHANNEL
{ updated: { appTeams: { selectedChannelId: 'C7B098PAN' } } }
[09/29/17, 10:24:53:762] info: Store: SELECT_CHANNEL
{ updated: { appTeams: { selectedChannelId: 'C58GPA545' } } }
[09/29/17, 10:24:54:676] info: Store: SELECT_CHANNEL
{ updated: { appTeams: { selectedChannelId: 'C7B098PAN' } } }
[09/29/17, 10:26:50:017] info: Store: SELECT_CHANNEL
{ updated: { appTeams: { selectedChannelId: 'D59GTKNNA' } } }
