[10/02/17, 20:20:39:452] info: ╔════════════════════════════════════════════════════════════════════════════╗
[10/02/17, 20:20:39:453] info: ║      Slack 2.7.1, linux 4.9.52-1-lts on x64 at 10/02/17, 20:20:39:444      ║
[10/02/17, 20:20:39:454] info: ╚════════════════════════════════════════════════════════════════════════════╝
[10/02/17, 20:20:39:933] info: TranslationLookup: locale set to en-US for renderer
[10/02/17, 20:20:40:042] info: WebViewLifeCycle: Creating subscribable lifecycle object
{ objectId: 'T5ECU7L10', assignedId: 1 }
[10/02/17, 20:20:40:044] info: WebView LifeCycle: New webview component created for T5ECU7L10:1', with state 'unloaded'
[10/02/17, 20:20:40:047] info: WebViewLifeCycle: Creating subscribable lifecycle object
{ objectId: 'T57SMF4GH', assignedId: 2 }
[10/02/17, 20:20:40:048] info: WebView LifeCycle: New webview component created for T57SMF4GH:2', with state 'unloaded'
[10/02/17, 20:20:40:053] info: TeamsDisplay: T5ECU7L10 usage: 0
[10/02/17, 20:20:40:053] info: TeamsDisplay: T57SMF4GH usage: 0
[10/02/17, 20:20:40:055] info: Store: SET_NETWORK_STATUS online
[10/02/17, 20:20:40:171] info: Checking network connection to Slack...
[10/02/17, 20:20:40:178] info: Store: APP_STARTED
{ updated: { events: { eventId: 1 } } }
[10/02/17, 20:20:41:082] info: Store: SAVE_WINDOW_SETTINGS
{ updated: { windowFrame: { windowSettings: [Object] } } }
[10/02/17, 20:20:44:275] info: Store: SELECT_CHANNEL
{ updated: { appTeams: { selectedChannelId: 'D59GP1BP0' } } }
[10/02/17, 20:20:44:323] info: Store: SELECT_CHANNEL
{ updated: { appTeams: { selectedChannelId: 'D5DP8N3CG' } } }
[10/02/17, 20:20:44:406] info: Store: SAVE_WINDOW_SETTINGS
{ updated: { windowFrame: { windowSettings: [Object] } } }
[10/02/17, 20:20:44:735] info: TeamView: Bugsnag user: U58PSFP1S
[10/02/17, 20:20:44:745] info: WebViewLifeCycle: State changed
{ id: 'T57SMF4GH',
  componentId: 2,
  newState: 'page-loaded',
  data: null }
[10/02/17, 20:20:44:746] info: Store: page-loaded
[10/02/17, 20:20:45:090] info: Store: UPDATE_TEAM_ICONS
{ updated: { teams: { T57SMF4GH: [Object] } } }
[10/02/17, 20:20:45:353] info: Webapp finished loading
[10/02/17, 20:20:45:355] info: WebViewLifeCycle: State changed
{ id: 'T57SMF4GH',
  componentId: 2,
  newState: 'webapp-loaded',
  data: null }
[10/02/17, 20:20:45:358] info: Store: webapp-loaded
[10/02/17, 20:20:45:429] info: Store: [7] Store an API token for a team
{ updated: { tokens: { T57SMF4GH: [Object] } } }
[10/02/17, 20:20:45:766] info: WebViewLifeCycle: State changed
{ id: 'T5ECU7L10',
  componentId: 1,
  newState: 'page-loaded',
  data: null }
[10/02/17, 20:20:45:770] info: Store: page-loaded
[10/02/17, 20:20:46:319] info: Store: UPDATE_TEAM_ICONS
{ updated: { teams: { T5ECU7L10: [Object] } } }
[10/02/17, 20:20:46:817] info: Webapp finished loading
[10/02/17, 20:20:46:818] info: WebViewLifeCycle: State changed
{ id: 'T5ECU7L10',
  componentId: 1,
  newState: 'webapp-loaded',
  data: null }
[10/02/17, 20:20:46:819] info: Store: webapp-loaded
[10/02/17, 20:20:47:113] info: Store: [7] Store an API token for a team
{ updated: { tokens: { T5ECU7L10: [Object] } } }
[10/02/17, 23:10:57:368] info: Store: FOREGROUND_APP
{ updated: { events: { foregroundApp: [Object] } } }
[10/02/17, 23:10:58:385] info: Store: SAVE_WINDOW_SETTINGS
{ updated: { windowFrame: { windowSettings: [Object] } } }
[10/02/17, 23:11:04:398] info: Store: SAVE_WINDOW_SETTINGS
{ updated: { windowFrame: { windowSettings: [Object] } } }
