[10/05/17, 13:11:38:020] info: ╔════════════════════════════════════════════════════════════════════════════╗
[10/05/17, 13:11:38:022] info: ║      Slack 2.7.1, linux 4.9.52-1-lts on x64 at 10/05/17, 13:11:38:015      ║
[10/05/17, 13:11:38:022] info: ╚════════════════════════════════════════════════════════════════════════════╝
[10/05/17, 13:11:38:485] info: TranslationLookup: locale set to en-US for renderer
[10/05/17, 13:11:38:592] info: WebViewLifeCycle: Creating subscribable lifecycle object
{ objectId: 'T5ECU7L10', assignedId: 1 }
[10/05/17, 13:11:38:593] info: WebView LifeCycle: New webview component created for T5ECU7L10:1', with state 'unloaded'
[10/05/17, 13:11:38:596] info: WebViewLifeCycle: Creating subscribable lifecycle object
{ objectId: 'T57SMF4GH', assignedId: 2 }
[10/05/17, 13:11:38:597] info: WebView LifeCycle: New webview component created for T57SMF4GH:2', with state 'unloaded'
[10/05/17, 13:11:38:601] info: TeamsDisplay: T5ECU7L10 usage: 0
[10/05/17, 13:11:38:602] info: TeamsDisplay: T57SMF4GH usage: 0
[10/05/17, 13:11:38:604] info: Store: SET_NETWORK_STATUS online
[10/05/17, 13:11:38:709] info: Checking network connection to Slack...
[10/05/17, 13:11:38:715] info: Store: APP_STARTED
{ updated: { events: { eventId: 1 } } }
[10/05/17, 13:11:39:634] info: Store: SAVE_WINDOW_SETTINGS
{ updated: { windowFrame: { windowSettings: [Object] } } }
[10/05/17, 13:11:41:213] info: Checking network connection to Slack...
[10/05/17, 13:11:43:720] info: Checking network connection to Slack...
[10/05/17, 13:12:44:822] info: Store: SAVE_WINDOW_SETTINGS
{ updated: { windowFrame: { windowSettings: [Object] } } }
[10/05/17, 13:12:46:861] info: Store: SAVE_WINDOW_SETTINGS
{ updated: { windowFrame: { windowSettings: [Object] } } }
[10/05/17, 13:13:16:267] info: Store: SELECT_CHANNEL
{ updated: { appTeams: { selectedChannelId: 'D5DP8N3CG' } } }
[10/05/17, 13:13:17:096] info: WebViewLifeCycle: State changed
{ id: 'T5ECU7L10',
  componentId: 1,
  newState: 'page-loaded',
  data: null }
[10/05/17, 13:13:17:097] info: Store: page-loaded
[10/05/17, 13:13:42:592] info: Store: SELECT_CHANNEL
{ updated: { appTeams: { selectedChannelId: 'D59GP1BP0' } } }
[10/05/17, 13:13:42:927] info: TeamView: Bugsnag user: U58PSFP1S
[10/05/17, 13:13:42:934] info: WebViewLifeCycle: State changed
{ id: 'T57SMF4GH',
  componentId: 2,
  newState: 'page-loaded',
  data: null }
[10/05/17, 13:13:42:936] info: Store: page-loaded
[10/05/17, 13:13:45:841] info: Webapp finished loading
[10/05/17, 13:13:45:842] info: WebViewLifeCycle: State changed
{ id: 'T57SMF4GH',
  componentId: 2,
  newState: 'webapp-loaded',
  data: null }
[10/05/17, 13:13:45:843] info: Store: webapp-loaded
[10/05/17, 13:13:45:856] info: Store: [7] Store an API token for a team
{ updated: { tokens: { T57SMF4GH: [Object] } } }
[10/05/17, 13:13:46:759] info: Webapp finished loading
[10/05/17, 13:13:46:760] info: WebViewLifeCycle: State changed
{ id: 'T5ECU7L10',
  componentId: 1,
  newState: 'webapp-loaded',
  data: null }
[10/05/17, 13:13:46:761] info: Store: webapp-loaded
[10/05/17, 13:13:46:779] info: Store: [7] Store an API token for a team
{ updated: { tokens: { T5ECU7L10: [Object] } } }
[10/05/17, 13:15:23:779] info: Store: SELECT_CHANNEL
{ updated: { appTeams: { selectedChannelId: 'D59GTKNNA' } } }
