[09/28/17, 23:17:22:054] info: ╔════════════════════════════════════════════════════════════════════════════╗
[09/28/17, 23:17:22:055] info: ║      Slack 2.7.1, linux 4.9.51-1-lts on x64 at 09/28/17, 23:17:22:048      ║
[09/28/17, 23:17:22:056] info: ╚════════════════════════════════════════════════════════════════════════════╝
[09/28/17, 23:17:22:528] info: TranslationLookup: locale set to en-US for renderer
[09/28/17, 23:17:22:635] info: WebViewLifeCycle: Creating subscribable lifecycle object
{ objectId: 'T5ECU7L10', assignedId: 1 }
[09/28/17, 23:17:22:637] info: WebView LifeCycle: New webview component created for T5ECU7L10:1', with state 'unloaded'
[09/28/17, 23:17:22:638] info: WebViewLifeCycle: Creating subscribable lifecycle object
{ objectId: 'T57SMF4GH', assignedId: 2 }
[09/28/17, 23:17:22:640] info: WebView LifeCycle: New webview component created for T57SMF4GH:2', with state 'unloaded'
[09/28/17, 23:17:22:644] info: TeamsDisplay: T5ECU7L10 usage: 0
[09/28/17, 23:17:22:644] info: TeamsDisplay: T57SMF4GH usage: 0
[09/28/17, 23:17:22:647] info: Store: SET_NETWORK_STATUS online
[09/28/17, 23:17:22:763] info: Checking network connection to Slack...
[09/28/17, 23:17:22:767] info: Store: APP_STARTED
{ updated: { events: { eventId: 1 } } }
[09/28/17, 23:17:26:634] info: Store: SELECT_CHANNEL
{ updated: { appTeams: { selectedChannelId: 'C58GPA545' } } }
[09/28/17, 23:17:26:708] info: Store: SELECT_CHANNEL
{ updated: { appTeams: { selectedChannelId: 'D5DP8N3CG' } } }
[09/28/17, 23:17:27:346] info: WebViewLifeCycle: State changed
{ id: 'T57SMF4GH',
  componentId: 2,
  newState: 'page-loaded',
  data: null }
[09/28/17, 23:17:27:348] info: Store: page-loaded
[09/28/17, 23:17:27:760] info: TeamView: Bugsnag user: U5DS7B63T
[09/28/17, 23:17:27:768] info: WebViewLifeCycle: State changed
{ id: 'T5ECU7L10',
  componentId: 1,
  newState: 'page-loaded',
  data: null }
[09/28/17, 23:17:27:769] info: Store: page-loaded
[09/28/17, 23:17:27:788] info: Webapp finished loading
[09/28/17, 23:17:27:789] info: WebViewLifeCycle: State changed
{ id: 'T57SMF4GH',
  componentId: 2,
  newState: 'webapp-loaded',
  data: null }
[09/28/17, 23:17:27:790] info: Store: webapp-loaded
[09/28/17, 23:17:28:162] info: Store: [7] Store an API token for a team
{ updated: { tokens: { T57SMF4GH: [Object] } } }
[09/28/17, 23:17:32:317] info: Webapp finished loading
[09/28/17, 23:17:32:318] info: WebViewLifeCycle: State changed
{ id: 'T5ECU7L10',
  componentId: 1,
  newState: 'webapp-loaded',
  data: null }
[09/28/17, 23:17:32:318] info: Store: webapp-loaded
[09/28/17, 23:17:32:358] info: Store: [7] Store an API token for a team
{ updated: { tokens: { T5ECU7L10: [Object] } } }
[09/28/17, 23:17:35:584] info: Store: SELECT_TEAM T57SMF4GH
[09/28/17, 23:17:35:610] info: Store: SELECT_TEAM
{ updated: { appTeams: { selectedTeamId: 'T57SMF4GH' } } }
[09/28/17, 23:17:35:619] info: TeamsDisplay: Team T5ECU7L10 was active for 12972ms
[09/28/17, 23:17:41:091] info: Store: SELECT_TEAM T5ECU7L10
[09/28/17, 23:17:41:114] info: Store: SELECT_TEAM
{ updated: { appTeams: { selectedTeamId: 'T5ECU7L10' } } }
[09/28/17, 23:17:41:122] info: TeamsDisplay: Team T57SMF4GH was active for 5504ms
