[09/30/17, 23:31:40:823] info: ╔════════════════════════════════════════════════════════════════════════════╗
[09/30/17, 23:31:40:824] info: ║      Slack 2.7.1, linux 4.9.52-1-lts on x64 at 09/30/17, 23:31:40:818      ║
[09/30/17, 23:31:40:825] info: ╚════════════════════════════════════════════════════════════════════════════╝
[09/30/17, 23:31:41:280] info: TranslationLookup: locale set to en-US for renderer
[09/30/17, 23:31:41:384] info: WebViewLifeCycle: Creating subscribable lifecycle object
{ objectId: 'T5ECU7L10', assignedId: 1 }
[09/30/17, 23:31:41:386] info: WebView LifeCycle: New webview component created for T5ECU7L10:1', with state 'unloaded'
[09/30/17, 23:31:41:388] info: WebViewLifeCycle: Creating subscribable lifecycle object
{ objectId: 'T57SMF4GH', assignedId: 2 }
[09/30/17, 23:31:41:389] info: WebView LifeCycle: New webview component created for T57SMF4GH:2', with state 'unloaded'
[09/30/17, 23:31:41:394] info: TeamsDisplay: T5ECU7L10 usage: 0
[09/30/17, 23:31:41:394] info: TeamsDisplay: T57SMF4GH usage: 0
[09/30/17, 23:31:41:396] info: Store: SET_NETWORK_STATUS online
[09/30/17, 23:31:41:503] info: Checking network connection to Slack...
[09/30/17, 23:31:41:506] info: Store: APP_STARTED
{ updated: { events: { eventId: 1 } } }
[09/30/17, 23:31:44:694] info: Store: SELECT_CHANNEL
{ updated: { appTeams: { selectedChannelId: 'D59GTKNNA' } } }
[09/30/17, 23:31:44:794] info: Store: SELECT_CHANNEL
{ updated: { appTeams: { selectedChannelId: 'D5DP8N3CG' } } }
[09/30/17, 23:31:45:204] info: TeamView: Bugsnag user: U58PSFP1S
[09/30/17, 23:31:45:215] info: WebViewLifeCycle: State changed
{ id: 'T57SMF4GH',
  componentId: 2,
  newState: 'page-loaded',
  data: null }
[09/30/17, 23:31:45:216] info: Store: page-loaded
[09/30/17, 23:31:45:655] info: Webapp finished loading
[09/30/17, 23:31:45:658] info: WebViewLifeCycle: State changed
{ id: 'T57SMF4GH',
  componentId: 2,
  newState: 'webapp-loaded',
  data: null }
[09/30/17, 23:31:45:659] info: Store: webapp-loaded
[09/30/17, 23:31:45:709] info: Store: [7] Store an API token for a team
{ updated: { tokens: { T57SMF4GH: [Object] } } }
[09/30/17, 23:31:45:747] info: WebViewLifeCycle: State changed
{ id: 'T5ECU7L10',
  componentId: 1,
  newState: 'page-loaded',
  data: null }
[09/30/17, 23:31:45:748] info: Store: page-loaded
[09/30/17, 23:31:46:492] info: Webapp finished loading
[09/30/17, 23:31:46:494] info: WebViewLifeCycle: State changed
{ id: 'T5ECU7L10',
  componentId: 1,
  newState: 'webapp-loaded',
  data: null }
[09/30/17, 23:31:46:495] info: Store: webapp-loaded
[09/30/17, 23:31:46:595] info: Store: [7] Store an API token for a team
{ updated: { tokens: { T5ECU7L10: [Object] } } }
[09/30/17, 23:33:13:727] info: Store: SAVE_WINDOW_SETTINGS
{ updated: { windowFrame: { windowSettings: [Object] } } }
[09/30/17, 23:33:16:304] info: Store: SAVE_WINDOW_SETTINGS
{ updated: { windowFrame: { windowSettings: [Object] } } }
