[09/30/17, 23:31:26:145] info: ╔════════════════════════════════════════════════════════════════════════════╗
[09/30/17, 23:31:26:146] info: ║      Slack 2.7.1, linux 4.9.52-1-lts on x64 at 09/30/17, 23:31:26:140      ║
[09/30/17, 23:31:26:147] info: ╚════════════════════════════════════════════════════════════════════════════╝
[09/30/17, 23:31:26:616] info: TranslationLookup: locale set to en-US for renderer
[09/30/17, 23:31:26:723] info: WebViewLifeCycle: Creating subscribable lifecycle object
{ objectId: 'T5ECU7L10', assignedId: 1 }
[09/30/17, 23:31:26:725] info: WebView LifeCycle: New webview component created for T5ECU7L10:1', with state 'unloaded'
[09/30/17, 23:31:26:727] info: WebViewLifeCycle: Creating subscribable lifecycle object
{ objectId: 'T57SMF4GH', assignedId: 2 }
[09/30/17, 23:31:26:728] info: WebView LifeCycle: New webview component created for T57SMF4GH:2', with state 'unloaded'
[09/30/17, 23:31:26:732] info: TeamsDisplay: T5ECU7L10 usage: 0
[09/30/17, 23:31:26:733] info: TeamsDisplay: T57SMF4GH usage: 0
[09/30/17, 23:31:26:735] info: Store: SET_NETWORK_STATUS online
[09/30/17, 23:31:26:844] info: Checking network connection to Slack...
[09/30/17, 23:31:26:852] info: Store: APP_STARTED
{ updated: { events: { eventId: 1 } } }
[09/30/17, 23:31:27:757] info: Store: SAVE_WINDOW_SETTINGS
{ updated: { windowFrame: { windowSettings: [Object] } } }
[09/30/17, 23:31:29:990] info: Store: SELECT_CHANNEL
{ updated: { appTeams: { selectedChannelId: 'D59GTKNNA' } } }
[09/30/17, 23:31:30:106] info: Store: SELECT_CHANNEL
{ updated: { appTeams: { selectedChannelId: 'D5DP8N3CG' } } }
[09/30/17, 23:31:30:497] info: TeamView: Bugsnag user: U58PSFP1S
[09/30/17, 23:31:30:507] info: WebViewLifeCycle: State changed
{ id: 'T57SMF4GH',
  componentId: 2,
  newState: 'page-loaded',
  data: null }
[09/30/17, 23:31:30:508] info: Store: page-loaded
[09/30/17, 23:31:30:769] info: Store: UPDATE_TEAM_ICONS
{ updated: { teams: { T57SMF4GH: [Object] } } }
[09/30/17, 23:31:30:931] info: Webapp finished loading
[09/30/17, 23:31:30:933] info: WebViewLifeCycle: State changed
{ id: 'T57SMF4GH',
  componentId: 2,
  newState: 'webapp-loaded',
  data: null }
[09/30/17, 23:31:30:934] info: Store: webapp-loaded
[09/30/17, 23:31:30:989] info: Store: [7] Store an API token for a team
{ updated: { tokens: { T57SMF4GH: [Object] } } }
[09/30/17, 23:31:31:030] info: WebViewLifeCycle: State changed
{ id: 'T5ECU7L10',
  componentId: 1,
  newState: 'page-loaded',
  data: null }
[09/30/17, 23:31:31:031] info: Store: page-loaded
[09/30/17, 23:31:31:309] info: Store: UPDATE_TEAM_ICONS
{ updated: { teams: { T5ECU7L10: [Object] } } }
[09/30/17, 23:31:31:605] info: Webapp finished loading
[09/30/17, 23:31:31:607] info: WebViewLifeCycle: State changed
{ id: 'T5ECU7L10',
  componentId: 1,
  newState: 'webapp-loaded',
  data: null }
[09/30/17, 23:31:31:608] info: Store: webapp-loaded
[09/30/17, 23:31:31:678] info: Store: [7] Store an API token for a team
{ updated: { tokens: { T5ECU7L10: [Object] } } }
