[10/06/17, 23:27:43:730] info: ╔════════════════════════════════════════════════════════════════════════════╗
[10/06/17, 23:27:43:732] info: ║      Slack 2.7.1, linux 4.9.52-1-lts on x64 at 10/06/17, 23:27:43:725      ║
[10/06/17, 23:27:43:732] info: ╚════════════════════════════════════════════════════════════════════════════╝
[10/06/17, 23:27:44:196] info: TranslationLookup: locale set to en-US for renderer
[10/06/17, 23:27:44:278] info: WebViewLifeCycle: Creating subscribable lifecycle object
{ objectId: 'T5ECU7L10', assignedId: 1 }
[10/06/17, 23:27:44:280] info: WebView LifeCycle: New webview component created for T5ECU7L10:1', with state 'unloaded'
[10/06/17, 23:27:44:282] info: WebViewLifeCycle: Creating subscribable lifecycle object
{ objectId: 'T57SMF4GH', assignedId: 2 }
[10/06/17, 23:27:44:283] info: WebView LifeCycle: New webview component created for T57SMF4GH:2', with state 'unloaded'
[10/06/17, 23:27:44:288] info: TeamsDisplay: T5ECU7L10 usage: 0
[10/06/17, 23:27:44:288] info: TeamsDisplay: T57SMF4GH usage: 0
[10/06/17, 23:27:44:291] info: Store: SET_NETWORK_STATUS online
[10/06/17, 23:27:44:397] info: Checking network connection to Slack...
[10/06/17, 23:27:44:400] info: Store: APP_STARTED
{ updated: { events: { eventId: 1 } } }
[10/06/17, 23:27:47:578] info: Store: SELECT_CHANNEL
{ updated: { appTeams: { selectedChannelId: 'D5DP8N3CG' } } }
[10/06/17, 23:27:47:596] info: Store: SELECT_CHANNEL
{ updated: { appTeams: { selectedChannelId: 'D59GTKNNA' } } }
[10/06/17, 23:27:48:136] info: TeamView: Bugsnag user: U58PSFP1S
[10/06/17, 23:27:48:147] info: WebViewLifeCycle: State changed
{ id: 'T57SMF4GH',
  componentId: 2,
  newState: 'page-loaded',
  data: null }
[10/06/17, 23:27:48:148] info: Store: page-loaded
[10/06/17, 23:27:48:498] info: WebViewLifeCycle: State changed
{ id: 'T5ECU7L10',
  componentId: 1,
  newState: 'page-loaded',
  data: null }
[10/06/17, 23:27:48:500] info: Store: page-loaded
[10/06/17, 23:27:48:508] info: Webapp finished loading
[10/06/17, 23:27:48:509] info: WebViewLifeCycle: State changed
{ id: 'T57SMF4GH',
  componentId: 2,
  newState: 'webapp-loaded',
  data: null }
[10/06/17, 23:27:48:510] info: Store: webapp-loaded
[10/06/17, 23:27:48:575] info: Store: [7] Store an API token for a team
{ updated: { tokens: { T57SMF4GH: [Object] } } }
[10/06/17, 23:27:49:145] info: Webapp finished loading
[10/06/17, 23:27:49:147] info: WebViewLifeCycle: State changed
{ id: 'T5ECU7L10',
  componentId: 1,
  newState: 'webapp-loaded',
  data: null }
[10/06/17, 23:27:49:149] info: Store: webapp-loaded
[10/06/17, 23:27:49:331] info: Store: [7] Store an API token for a team
{ updated: { tokens: { T5ECU7L10: [Object] } } }
