[08/21/17, 08:24:04:251] info: ╔════════════════════════════════════════════════════════════════════════════╗
[08/21/17, 08:24:04:253] info: ║      Slack 2.7.1, linux 4.9.44-1-lts on x64 at 08/21/17, 08:24:04:246      ║
[08/21/17, 08:24:04:253] info: ╚════════════════════════════════════════════════════════════════════════════╝
[08/21/17, 08:24:04:497] info: updateSuspendResume: true
[08/21/17, 08:24:04:498] warn: updateSpellcheckerLanguage: Tried to update language, but spellchecker not initialized
[08/21/17, 08:24:06:734] info: Store: SELECT_CHANNEL C5EAP5M19
[08/21/17, 08:24:06:742] info: Store: UPDATE_TEAM_LOCALE
{ locale: 'en-US', teamId: 'T5ECU7L10' }
[08/21/17, 08:24:06:779] info: Store: UPDATE_TEAM_THEME
{ theme: 
   { column_bg: '#303E4D',
     menu_bg: '#2C3849',
     active_item: '#6698C8',
     active_item_text: '#FFFFFF',
     hover_item: '#4A5664',
     text_color: '#FFFFFF',
     active_presence: '#94E864',
     badge: '#78AF8F' },
  teamId: 'T5ECU7L10' }
[08/21/17, 08:24:07:567] info: Store: UPDATE_TEAM_ICONS
{ icons: false, teamId: 'T5ECU7L10' }
[08/21/17, 08:24:07:867] info: Store: UPDATE_TEAM_LOCALE
{ locale: 'en-US', teamId: 'T5ECU7L10' }
[08/21/17, 08:24:08:411] info: Raw Locale list: ["C","en_US.utf8","POSIX",""]
[08/21/17, 08:24:08:413] info: Filtered Locale list: ["en_US"]
[08/21/17, 08:24:08:415] info: Counts: {"en":["en_US"]}
[08/21/17, 08:24:08:416] info: Setting en
[08/21/17, 08:24:08:418] info: Result: {"en":"en-US"}
[08/21/17, 08:24:08:421] info: Requesting to load en-US, alternatives are ["en-US","en-US","en-US"]
[08/21/17, 08:24:08:423] info: Loading dictionary for language en-US
[08/21/17, 08:24:08:426] info: Actually downloading https://redirector.gvt1.com/edgedl/chrome/dict/en-us-7-1.bdic
[08/21/17, 08:24:08:789] info: Requesting to load en-US, alternatives are ["en-US","en-US","en-US"]
[08/21/17, 08:24:08:791] info: Loading dictionary for language en-US
[08/21/17, 08:24:08:792] info: Actually downloading https://redirector.gvt1.com/edgedl/chrome/dict/en-us-7-1.bdic
[08/21/17, 08:24:09:295] info: Setting current spellchecker to en-US, requested language was en-US
[08/21/17, 08:24:09:296] info: Creating node-spellchecker instance
[08/21/17, 08:24:09:297] info: Actually installing spell check provider to Electron
[08/21/17, 08:24:09:375] info: Setting current spellchecker to en-US, requested language was en-US
[08/21/17, 08:24:19:282] info: Store: SET_LOGIN_DIALOG true
[08/21/17, 08:24:20:337] info: Unloading spellchecker
[08/21/17, 08:24:55:466] info: Restoring spellchecker
[08/21/17, 08:24:55:468] info: Loading dictionary for language en-US
[08/21/17, 08:24:55:470] info: Returning local copy: /home/cass/.config/Slack/dictionaries/en-US.bdic
[08/21/17, 08:24:55:479] info: Setting current spellchecker to en-US, requested language was en-US
[08/21/17, 08:24:55:481] info: Creating node-spellchecker instance
[08/21/17, 08:25:07:119] info: Unloading spellchecker
[08/21/17, 08:25:08:411] info: Restoring spellchecker
[08/21/17, 08:25:08:415] info: Loading dictionary for language en-US
[08/21/17, 08:25:08:417] info: Returning local copy: /home/cass/.config/Slack/dictionaries/en-US.bdic
[08/21/17, 08:25:08:435] info: Setting current spellchecker to en-US, requested language was en-US
[08/21/17, 08:25:08:436] info: Creating node-spellchecker instance
[08/21/17, 08:25:08:868] info: Unloading spellchecker
[08/21/17, 10:20:55:725] info: Restoring spellchecker
[08/21/17, 10:20:55:728] info: Loading dictionary for language en-US
[08/21/17, 10:20:55:729] info: Returning local copy: /home/cass/.config/Slack/dictionaries/en-US.bdic
[08/21/17, 10:20:55:737] info: Setting current spellchecker to en-US, requested language was en-US
[08/21/17, 10:20:55:739] info: Creating node-spellchecker instance
[08/21/17, 10:20:56:172] info: Unloading spellchecker
[08/21/17, 10:20:58:019] info: Restoring spellchecker
[08/21/17, 10:20:58:022] info: Loading dictionary for language en-US
[08/21/17, 10:20:58:024] info: Returning local copy: /home/cass/.config/Slack/dictionaries/en-US.bdic
[08/21/17, 10:20:58:032] info: Setting current spellchecker to en-US, requested language was en-US
[08/21/17, 10:20:58:033] info: Creating node-spellchecker instance
[08/21/17, 10:21:00:893] info: Unloading spellchecker
[08/21/17, 16:52:34:035] info: ╔════════════════════════════════════════════════════════════════════════════╗
[08/21/17, 16:52:34:037] info: ║      Slack 2.7.1, linux 4.9.44-1-lts on x64 at 08/21/17, 16:52:34:027      ║
[08/21/17, 16:52:34:037] info: ╚════════════════════════════════════════════════════════════════════════════╝
[08/21/17, 16:52:34:402] info: updateSuspendResume: true
[08/21/17, 16:52:34:406] warn: updateSpellcheckerLanguage: Tried to update language, but spellchecker not initialized
[08/21/17, 16:52:36:524] info: Store: SELECT_CHANNEL C58GPA545
[08/21/17, 16:52:36:532] info: Store: UPDATE_TEAM_LOCALE
{ locale: 'en-US', teamId: undefined }
[08/21/17, 16:52:37:374] info: Store: UPDATE_TEAM_ICONS
{ icons: false, teamId: 'T57SMF4GH' }
[08/21/17, 16:52:37:725] info: Store: UPDATE_TEAM_LOCALE
{ locale: 'en-US', teamId: 'T57SMF4GH' }
[08/21/17, 16:52:38:213] info: Store: UPDATE_TEAM_THEME
{ theme: 
   { column_bg: '#303E4D',
     menu_bg: '#2C3849',
     active_item: '#6698C8',
     active_item_text: '#FFFFFF',
     hover_item: '#4A5664',
     text_color: '#FFFFFF',
     active_presence: '#94E864',
     badge: '#78AF8F' },
  teamId: 'T57SMF4GH' }
[08/21/17, 16:52:38:354] info: Raw Locale list: ["C","en_US.utf8","POSIX",""]
[08/21/17, 16:52:38:355] info: Filtered Locale list: ["en_US"]
[08/21/17, 16:52:38:356] info: Counts: {"en":["en_US"]}
[08/21/17, 16:52:38:358] info: Setting en
[08/21/17, 16:52:38:362] info: Result: {"en":"en-US"}
[08/21/17, 16:52:38:374] info: Requesting to load en-US, alternatives are ["en-US","en-US","en-US"]
[08/21/17, 16:52:38:379] info: Loading dictionary for language en-US
[08/21/17, 16:52:38:382] info: Returning local copy: /home/cass/.config/Slack/dictionaries/en-US.bdic
[08/21/17, 16:52:38:392] info: Setting current spellchecker to en-US, requested language was en-US
[08/21/17, 16:52:38:394] info: Creating node-spellchecker instance
[08/21/17, 16:52:38:398] info: Actually installing spell check provider to Electron
[08/21/17, 16:52:38:571] info: Loading dictionary for language en-US
[08/21/17, 16:52:38:572] info: Returning local copy: /home/cass/.config/Slack/dictionaries/en-US.bdic
[08/21/17, 16:52:38:574] info: Setting current spellchecker to en-US, requested language was en-US
[08/21/17, 20:54:05:064] info: ╔════════════════════════════════════════════════════════════════════════════╗
[08/21/17, 20:54:05:066] info: ║      Slack 2.7.1, linux 4.9.44-1-lts on x64 at 08/21/17, 20:54:05:056      ║
[08/21/17, 20:54:05:067] info: ╚════════════════════════════════════════════════════════════════════════════╝
[08/21/17, 20:54:05:366] info: updateSuspendResume: true
[08/21/17, 20:54:05:367] warn: updateSpellcheckerLanguage: Tried to update language, but spellchecker not initialized
[08/21/17, 20:54:07:462] info: Store: SELECT_CHANNEL C58GPA545
[08/21/17, 20:54:07:468] info: Store: UPDATE_TEAM_LOCALE
{ locale: 'en-US', teamId: undefined }
[08/21/17, 20:54:08:255] info: Store: UPDATE_TEAM_ICONS
{ icons: false, teamId: 'T57SMF4GH' }
[08/21/17, 20:54:08:416] info: Store: UPDATE_TEAM_LOCALE
{ locale: 'en-US', teamId: 'T57SMF4GH' }
[08/21/17, 20:54:09:088] info: Store: UPDATE_TEAM_THEME
{ theme: 
   { column_bg: '#303E4D',
     menu_bg: '#2C3849',
     active_item: '#6698C8',
     active_item_text: '#FFFFFF',
     hover_item: '#4A5664',
     text_color: '#FFFFFF',
     active_presence: '#94E864',
     badge: '#78AF8F' },
  teamId: 'T57SMF4GH' }
[08/21/17, 20:54:09:144] info: Raw Locale list: ["C","en_US.utf8","POSIX",""]
[08/21/17, 20:54:09:147] info: Filtered Locale list: ["en_US"]
[08/21/17, 20:54:09:149] info: Counts: {"en":["en_US"]}
[08/21/17, 20:54:09:152] info: Setting en
[08/21/17, 20:54:09:154] info: Result: {"en":"en-US"}
[08/21/17, 20:54:09:156] info: Requesting to load en-US, alternatives are ["en-US","en-US","en-US"]
[08/21/17, 20:54:09:160] info: Loading dictionary for language en-US
[08/21/17, 20:54:09:161] info: Returning local copy: /home/cass/.config/Slack/dictionaries/en-US.bdic
[08/21/17, 20:54:09:205] info: Requesting to load en-US, alternatives are ["en-US","en-US","en-US"]
[08/21/17, 20:54:09:205] info: Loading dictionary for language en-US
[08/21/17, 20:54:09:206] info: Returning local copy: /home/cass/.config/Slack/dictionaries/en-US.bdic
[08/21/17, 20:54:09:209] info: Setting current spellchecker to en-US, requested language was en-US
[08/21/17, 20:54:09:210] info: Creating node-spellchecker instance
[08/21/17, 20:54:09:212] info: Actually installing spell check provider to Electron
[08/21/17, 20:54:09:220] info: Setting current spellchecker to en-US, requested language was en-US
[08/22/17, 16:14:12:805] info: ╔════════════════════════════════════════════════════════════════════════════╗
[08/22/17, 16:14:12:807] info: ║      Slack 2.7.1, linux 4.9.44-1-lts on x64 at 08/22/17, 16:14:12:799      ║
[08/22/17, 16:14:12:808] info: ╚════════════════════════════════════════════════════════════════════════════╝
[08/22/17, 16:14:13:104] info: updateSuspendResume: true
[08/22/17, 16:14:13:106] warn: updateSpellcheckerLanguage: Tried to update language, but spellchecker not initialized
[08/22/17, 16:14:15:183] info: Store: SELECT_CHANNEL C58GPA545
[08/22/17, 16:14:15:189] info: Store: UPDATE_TEAM_LOCALE
{ locale: 'en-US', teamId: undefined }
[08/22/17, 16:14:15:975] info: Store: UPDATE_TEAM_ICONS
{ icons: false, teamId: 'T57SMF4GH' }
[08/22/17, 16:14:16:159] info: Store: UPDATE_TEAM_LOCALE
{ locale: 'en-US', teamId: 'T57SMF4GH' }
[08/22/17, 16:14:16:732] info: Raw Locale list: ["C","en_US.utf8","POSIX",""]
[08/22/17, 16:14:16:733] info: Filtered Locale list: ["en_US"]
[08/22/17, 16:14:16:734] info: Counts: {"en":["en_US"]}
[08/22/17, 16:14:16:735] info: Setting en
[08/22/17, 16:14:16:738] info: Result: {"en":"en-US"}
[08/22/17, 16:14:16:744] info: Requesting to load en-US, alternatives are ["en-US","en-US","en-US"]
[08/22/17, 16:14:16:747] info: Loading dictionary for language en-US
[08/22/17, 16:14:16:749] info: Returning local copy: /home/cass/.config/Slack/dictionaries/en-US.bdic
[08/22/17, 16:14:16:786] info: Setting current spellchecker to en-US, requested language was en-US
[08/22/17, 16:14:16:788] info: Creating node-spellchecker instance
[08/22/17, 16:14:16:792] info: Actually installing spell check provider to Electron
[08/22/17, 16:14:16:794] info: Loading dictionary for language en-US
[08/22/17, 16:14:16:795] info: Returning local copy: /home/cass/.config/Slack/dictionaries/en-US.bdic
[08/22/17, 16:14:16:800] info: Setting current spellchecker to en-US, requested language was en-US
[08/22/17, 16:14:16:861] info: Store: UPDATE_TEAM_THEME
{ theme: 
   { column_bg: '#303E4D',
     menu_bg: '#2C3849',
     active_item: '#6698C8',
     active_item_text: '#FFFFFF',
     hover_item: '#4A5664',
     text_color: '#FFFFFF',
     active_presence: '#94E864',
     badge: '#78AF8F' },
  teamId: 'T57SMF4GH' }
[08/23/17, 09:07:19:214] info: Store: UPDATE_TEAM_ICONS
{ icons: false, teamId: 'T57SMF4GH' }
[08/23/17, 09:07:19:428] info: Store: UPDATE_TEAM_LOCALE
{ locale: 'en-US', teamId: 'T57SMF4GH' }
[08/23/17, 20:07:58:250] info: ╔════════════════════════════════════════════════════════════════════════════╗
[08/23/17, 20:07:58:251] info: ║      Slack 2.7.1, linux 4.9.44-1-lts on x64 at 08/23/17, 20:07:58:241      ║
[08/23/17, 20:07:58:252] info: ╚════════════════════════════════════════════════════════════════════════════╝
[08/23/17, 20:07:58:580] info: updateSuspendResume: true
[08/23/17, 20:07:58:582] warn: updateSpellcheckerLanguage: Tried to update language, but spellchecker not initialized
[08/23/17, 20:08:06:036] info: Store: SELECT_CHANNEL C58GPA545
[08/23/17, 20:08:06:043] info: Store: UPDATE_TEAM_LOCALE
{ locale: 'en-US', teamId: undefined }
[08/23/17, 20:08:06:934] info: Store: UPDATE_TEAM_ICONS
{ icons: false, teamId: 'T57SMF4GH' }
[08/23/17, 20:08:07:153] info: Store: UPDATE_TEAM_LOCALE
{ locale: 'en-US', teamId: 'T57SMF4GH' }
[08/23/17, 20:08:07:562] info: Store: UPDATE_TEAM_THEME
{ theme: 
   { column_bg: '#303E4D',
     menu_bg: '#2C3849',
     active_item: '#6698C8',
     active_item_text: '#FFFFFF',
     hover_item: '#4A5664',
     text_color: '#FFFFFF',
     active_presence: '#94E864',
     badge: '#78AF8F' },
  teamId: 'T57SMF4GH' }
[08/23/17, 20:08:07:627] info: Raw Locale list: ["C","en_US.utf8","POSIX",""]
[08/23/17, 20:08:07:631] info: Filtered Locale list: ["en_US"]
[08/23/17, 20:08:07:632] info: Counts: {"en":["en_US"]}
[08/23/17, 20:08:07:633] info: Setting en
[08/23/17, 20:08:07:634] info: Result: {"en":"en-US"}
[08/23/17, 20:08:07:640] info: Requesting to load en-US, alternatives are ["en-US","en-US","en-US"]
[08/23/17, 20:08:07:647] info: Loading dictionary for language en-US
[08/23/17, 20:08:07:648] info: Returning local copy: /home/cass/.config/Slack/dictionaries/en-US.bdic
[08/23/17, 20:08:07:657] info: Setting current spellchecker to en-US, requested language was en-US
[08/23/17, 20:08:07:661] info: Creating node-spellchecker instance
[08/23/17, 20:08:07:665] info: Actually installing spell check provider to Electron
[08/23/17, 20:08:07:851] info: Loading dictionary for language en-US
[08/23/17, 20:08:07:853] info: Returning local copy: /home/cass/.config/Slack/dictionaries/en-US.bdic
[08/23/17, 20:08:07:855] info: Setting current spellchecker to en-US, requested language was en-US
[08/24/17, 10:02:52:257] info: Store: UPDATE_TEAM_ICONS
{ icons: false, teamId: 'T57SMF4GH' }
[08/24/17, 10:02:52:426] info: Store: UPDATE_TEAM_LOCALE
{ locale: 'en-US', teamId: 'T57SMF4GH' }
[08/24/17, 11:46:54:794] info: Store: UPDATE_TEAM_ICONS
{ icons: false, teamId: 'T57SMF4GH' }
[08/24/17, 11:46:54:934] info: Store: UPDATE_TEAM_LOCALE
{ locale: 'en-US', teamId: 'T57SMF4GH' }
[08/31/17, 17:36:07:073] info: ╔════════════════════════════════════════════════════════════════════════════╗
[08/31/17, 17:36:07:074] info: ║      Slack 2.7.1, linux 4.9.44-1-lts on x64 at 08/31/17, 17:36:07:066      ║
[08/31/17, 17:36:07:075] info: ╚════════════════════════════════════════════════════════════════════════════╝
[08/31/17, 17:36:07:438] info: updateSuspendResume: true
[08/31/17, 17:36:07:439] warn: updateSpellcheckerLanguage: Tried to update language, but spellchecker not initialized
[08/31/17, 17:36:09:756] info: Store: SELECT_CHANNEL C58GPA545
[08/31/17, 17:36:09:763] info: Store: UPDATE_TEAM_LOCALE
{ locale: 'en-US', teamId: undefined }
[08/31/17, 17:36:10:454] info: Store: UPDATE_TEAM_THEME
{ theme: 
   { column_bg: '#303E4D',
     menu_bg: '#2C3849',
     active_item: '#6698C8',
     active_item_text: '#FFFFFF',
     hover_item: '#4A5664',
     text_color: '#FFFFFF',
     active_presence: '#94E864',
     badge: '#78AF8F' },
  teamId: 'T57SMF4GH' }
[08/31/17, 17:36:10:547] info: Store: UPDATE_TEAM_ICONS
{ icons: false, teamId: 'T57SMF4GH' }
[08/31/17, 17:36:10:683] info: Store: UPDATE_TEAM_LOCALE
{ locale: 'en-US', teamId: 'T57SMF4GH' }
[08/31/17, 17:36:11:076] info: Raw Locale list: ["C","en_US.utf8","POSIX",""]
[08/31/17, 17:36:11:078] info: Filtered Locale list: ["en_US"]
[08/31/17, 17:36:11:080] info: Counts: {"en":["en_US"]}
[08/31/17, 17:36:11:082] info: Setting en
[08/31/17, 17:36:11:085] info: Result: {"en":"en-US"}
[08/31/17, 17:36:11:088] info: Requesting to load en-US, alternatives are ["en-US","en-US","en-US"]
[08/31/17, 17:36:11:091] info: Loading dictionary for language en-US
[08/31/17, 17:36:11:093] info: Returning local copy: /home/cass/.config/Slack/dictionaries/en-US.bdic
[08/31/17, 17:36:11:098] info: Setting current spellchecker to en-US, requested language was en-US
[08/31/17, 17:36:11:100] info: Creating node-spellchecker instance
[08/31/17, 17:36:11:103] info: Actually installing spell check provider to Electron
[08/31/17, 17:36:11:224] info: Loading dictionary for language en-US
[08/31/17, 17:36:11:225] info: Returning local copy: /home/cass/.config/Slack/dictionaries/en-US.bdic
[08/31/17, 17:36:11:227] info: Setting current spellchecker to en-US, requested language was en-US
[08/31/17, 20:56:22:636] info: Store: UPDATE_TEAM_ICONS
{ icons: false, teamId: 'T57SMF4GH' }
[08/31/17, 20:56:22:947] info: Store: UPDATE_TEAM_LOCALE
{ locale: 'en-US', teamId: 'T57SMF4GH' }
[09/01/17, 08:15:11:808] info: Store: UPDATE_TEAM_ICONS
{ icons: false, teamId: 'T57SMF4GH' }
[09/01/17, 08:15:11:971] info: Store: UPDATE_TEAM_LOCALE
{ locale: 'en-US', teamId: 'T57SMF4GH' }
[09/01/17, 09:16:23:862] info: Store: UPDATE_TEAM_ICONS
{ icons: false, teamId: 'T57SMF4GH' }
[09/01/17, 09:16:24:015] info: Store: UPDATE_TEAM_LOCALE
{ locale: 'en-US', teamId: 'T57SMF4GH' }
[09/01/17, 09:32:16:682] info: Store: UPDATE_TEAM_ICONS
{ icons: false, teamId: 'T57SMF4GH' }
[09/01/17, 09:32:16:825] info: Store: UPDATE_TEAM_LOCALE
{ locale: 'en-US', teamId: 'T57SMF4GH' }
[09/01/17, 09:43:23:355] info: Store: UPDATE_TEAM_ICONS
{ icons: false, teamId: 'T57SMF4GH' }
[09/01/17, 09:43:23:493] info: Store: UPDATE_TEAM_LOCALE
{ locale: 'en-US', teamId: 'T57SMF4GH' }
[09/01/17, 09:53:39:820] info: Store: UPDATE_TEAM_ICONS
{ icons: false, teamId: 'T57SMF4GH' }
[09/01/17, 09:53:39:978] info: Store: UPDATE_TEAM_LOCALE
{ locale: 'en-US', teamId: 'T57SMF4GH' }
[09/01/17, 09:53:56:743] info: Store: UPDATE_TEAM_ICONS
{ icons: false, teamId: 'T57SMF4GH' }
[09/01/17, 09:53:56:868] info: Store: UPDATE_TEAM_LOCALE
{ locale: 'en-US', teamId: 'T57SMF4GH' }
[09/01/17, 10:00:49:253] info: Store: UPDATE_TEAM_ICONS
{ icons: false, teamId: 'T57SMF4GH' }
[09/01/17, 10:00:49:406] info: Store: UPDATE_TEAM_LOCALE
{ locale: 'en-US', teamId: 'T57SMF4GH' }
[09/01/17, 10:27:35:811] info: Store: UPDATE_TEAM_ICONS
{ icons: false, teamId: 'T57SMF4GH' }
[09/01/17, 10:27:35:935] info: Store: UPDATE_TEAM_LOCALE
{ locale: 'en-US', teamId: 'T57SMF4GH' }
[09/01/17, 10:51:52:266] info: Store: UPDATE_TEAM_ICONS
{ icons: false, teamId: 'T57SMF4GH' }
[09/01/17, 10:51:52:385] info: Store: UPDATE_TEAM_LOCALE
{ locale: 'en-US', teamId: 'T57SMF4GH' }
[09/01/17, 12:53:27:308] info: Store: UPDATE_TEAM_ICONS
{ icons: false, teamId: 'T57SMF4GH' }
[09/01/17, 12:53:27:474] info: Store: UPDATE_TEAM_LOCALE
{ locale: 'en-US', teamId: 'T57SMF4GH' }
[09/01/17, 17:38:14:677] info: Store: UPDATE_TEAM_ICONS
{ icons: false, teamId: 'T57SMF4GH' }
[09/01/17, 17:38:14:794] info: Store: UPDATE_TEAM_LOCALE
{ locale: 'en-US', teamId: 'T57SMF4GH' }
[09/02/17, 09:08:39:566] info: Store: UPDATE_TEAM_ICONS
{ icons: false, teamId: 'T57SMF4GH' }
[09/02/17, 09:08:39:708] info: Store: UPDATE_TEAM_LOCALE
{ locale: 'en-US', teamId: 'T57SMF4GH' }
[09/03/17, 11:32:36:301] info: Store: UPDATE_TEAM_ICONS
{ icons: false, teamId: 'T57SMF4GH' }
[09/03/17, 11:32:36:440] info: Store: UPDATE_TEAM_LOCALE
{ locale: 'en-US', teamId: 'T57SMF4GH' }
[09/19/17, 20:36:34:694] info: ╔════════════════════════════════════════════════════════════════════════════╗
[09/19/17, 20:36:34:696] info: ║      Slack 2.7.1, linux 4.9.50-1-lts on x64 at 09/19/17, 20:36:34:688      ║
[09/19/17, 20:36:34:697] info: ╚════════════════════════════════════════════════════════════════════════════╝
[09/19/17, 20:36:35:021] info: updateSuspendResume: true
[09/19/17, 20:36:35:022] warn: updateSpellcheckerLanguage: Tried to update language, but spellchecker not initialized
[09/19/17, 20:36:37:664] info: Store: SELECT_CHANNEL C58GPA545
[09/19/17, 20:36:37:673] info: Store: UPDATE_TEAM_LOCALE
{ locale: 'en-US', teamId: undefined }
[09/19/17, 20:36:38:681] info: Store: UPDATE_TEAM_ICONS
{ icons: false, teamId: 'T57SMF4GH' }
[09/19/17, 20:36:38:850] info: Store: UPDATE_TEAM_LOCALE
{ locale: 'en-US', teamId: 'T57SMF4GH' }
[09/19/17, 20:36:39:552] info: Store: UPDATE_TEAM_THEME
{ theme: 
   { column_bg: '#303E4D',
     menu_bg: '#2C3849',
     active_item: '#6698C8',
     active_item_text: '#FFFFFF',
     hover_item: '#4A5664',
     text_color: '#FFFFFF',
     active_presence: '#94E864',
     badge: '#78AF8F' },
  teamId: 'T57SMF4GH' }
[09/19/17, 20:36:39:661] info: Raw Locale list: ["C","en_US.utf8","POSIX",""]
[09/19/17, 20:36:39:664] info: Filtered Locale list: ["en_US"]
[09/19/17, 20:36:39:667] info: Counts: {"en":["en_US"]}
[09/19/17, 20:36:39:668] info: Setting en
[09/19/17, 20:36:39:671] info: Result: {"en":"en-US"}
[09/19/17, 20:36:39:675] info: Requesting to load en-US, alternatives are ["en-US","en-US","en-US"]
[09/19/17, 20:36:39:677] info: Loading dictionary for language en-US
[09/19/17, 20:36:39:680] info: Returning local copy: /home/cass/.config/Slack/dictionaries/en-US.bdic
[09/19/17, 20:36:39:711] info: Setting current spellchecker to en-US, requested language was en-US
[09/19/17, 20:36:39:713] info: Creating node-spellchecker instance
[09/19/17, 20:36:39:715] info: Actually installing spell check provider to Electron
[09/19/17, 20:36:39:717] info: Loading dictionary for language en-US
[09/19/17, 20:36:39:718] info: Returning local copy: /home/cass/.config/Slack/dictionaries/en-US.bdic
[09/19/17, 20:36:39:723] info: Setting current spellchecker to en-US, requested language was en-US
[09/28/17, 23:17:23:633] info: ╔════════════════════════════════════════════════════════════════════════════╗
[09/28/17, 23:17:23:635] info: ║      Slack 2.7.1, linux 4.9.51-1-lts on x64 at 09/28/17, 23:17:23:626      ║
[09/28/17, 23:17:23:636] info: ╚════════════════════════════════════════════════════════════════════════════╝
[09/28/17, 23:17:23:964] info: updateSuspendResume: true
[09/28/17, 23:17:23:966] warn: updateSpellcheckerLanguage: Tried to update language, but spellchecker not initialized
[09/28/17, 23:17:26:630] info: Store: SELECT_CHANNEL C58GPA545
[09/28/17, 23:17:26:640] info: Store: UPDATE_TEAM_LOCALE
{ locale: 'en-US', teamId: undefined }
[09/28/17, 23:17:27:524] info: Store: UPDATE_TEAM_ICONS
{ icons: false, teamId: 'T57SMF4GH' }
[09/28/17, 23:17:27:705] info: Store: UPDATE_TEAM_LOCALE
{ locale: 'en-US', teamId: 'T57SMF4GH' }
[09/28/17, 23:17:28:313] info: Store: UPDATE_TEAM_THEME
{ theme: 
   { column_bg: '#303E4D',
     menu_bg: '#2C3849',
     active_item: '#6698C8',
     active_item_text: '#FFFFFF',
     hover_item: '#4A5664',
     text_color: '#FFFFFF',
     active_presence: '#94E864',
     badge: '#78AF8F' },
  teamId: 'T57SMF4GH' }
[09/28/17, 23:17:28:381] info: Raw Locale list: ["C","en_US.utf8","POSIX",""]
[09/28/17, 23:17:28:386] info: Filtered Locale list: ["en_US"]
[09/28/17, 23:17:28:388] info: Counts: {"en":["en_US"]}
[09/28/17, 23:17:28:389] info: Setting en
[09/28/17, 23:17:28:391] info: Result: {"en":"en-US"}
[09/28/17, 23:17:28:400] info: Requesting to load en-US, alternatives are ["en-US","en-US","en-US"]
[09/28/17, 23:17:28:405] info: Loading dictionary for language en-US
[09/28/17, 23:17:28:406] info: Returning local copy: /home/cass/.config/Slack/dictionaries/en-US.bdic
[09/28/17, 23:17:28:492] info: Setting current spellchecker to en-US, requested language was en-US
[09/28/17, 23:17:28:496] info: Creating node-spellchecker instance
[09/28/17, 23:17:28:500] info: Actually installing spell check provider to Electron
[09/28/17, 23:17:28:647] info: Loading dictionary for language en-US
[09/28/17, 23:17:28:647] info: Returning local copy: /home/cass/.config/Slack/dictionaries/en-US.bdic
[09/28/17, 23:17:28:649] info: Setting current spellchecker to en-US, requested language was en-US
[09/28/17, 23:17:40:992] info: Unloading spellchecker
[09/28/17, 23:17:41:106] info: Restoring spellchecker
[09/28/17, 23:17:41:111] info: Loading dictionary for language en-US
[09/28/17, 23:17:41:113] info: Returning local copy: /home/cass/.config/Slack/dictionaries/en-US.bdic
[09/28/17, 23:17:41:135] info: Unloading spellchecker
[09/28/17, 23:17:41:139] info: Setting current spellchecker to en-US, requested language was en-US
[09/28/17, 23:17:41:141] info: Creating node-spellchecker instance
[09/29/17, 08:46:30:604] info: Store: UPDATE_TEAM_ICONS
{ icons: false, teamId: 'T57SMF4GH' }
[09/29/17, 08:46:30:777] info: Store: UPDATE_TEAM_LOCALE
{ locale: 'en-US', teamId: 'T57SMF4GH' }
[09/29/17, 10:13:01:579] info: Store: UPDATE_TEAM_ICONS
{ icons: false, teamId: 'T57SMF4GH' }
[09/29/17, 10:13:01:715] info: Store: UPDATE_TEAM_LOCALE
{ locale: 'en-US', teamId: 'T57SMF4GH' }
[09/29/17, 10:16:23:024] info: ╔════════════════════════════════════════════════════════════════════════════╗
[09/29/17, 10:16:23:026] info: ║      Slack 2.7.1, linux 4.9.51-1-lts on x64 at 09/29/17, 10:16:23:018      ║
[09/29/17, 10:16:23:026] info: ╚════════════════════════════════════════════════════════════════════════════╝
[09/29/17, 10:16:23:319] info: updateSuspendResume: true
[09/29/17, 10:16:23:320] warn: updateSpellcheckerLanguage: Tried to update language, but spellchecker not initialized
[09/29/17, 10:16:25:726] info: Store: SELECT_CHANNEL C58GPA545
[09/29/17, 10:16:25:735] info: Store: UPDATE_TEAM_LOCALE
{ locale: 'en-US', teamId: undefined }
[09/29/17, 10:16:26:608] info: Store: UPDATE_TEAM_ICONS
{ icons: false, teamId: 'T57SMF4GH' }
[09/29/17, 10:16:26:755] info: Store: UPDATE_TEAM_LOCALE
{ locale: 'en-US', teamId: 'T57SMF4GH' }
[09/29/17, 10:16:27:085] info: Store: UPDATE_TEAM_THEME
{ theme: 
   { column_bg: '#303E4D',
     menu_bg: '#2C3849',
     active_item: '#6698C8',
     active_item_text: '#FFFFFF',
     hover_item: '#4A5664',
     text_color: '#FFFFFF',
     active_presence: '#94E864',
     badge: '#78AF8F' },
  teamId: 'T57SMF4GH' }
[09/29/17, 10:16:27:144] info: Raw Locale list: ["C","en_US.utf8","POSIX",""]
[09/29/17, 10:16:27:146] info: Filtered Locale list: ["en_US"]
[09/29/17, 10:16:27:148] info: Counts: {"en":["en_US"]}
[09/29/17, 10:16:27:150] info: Setting en
[09/29/17, 10:16:27:153] info: Result: {"en":"en-US"}
[09/29/17, 10:16:27:157] info: Requesting to load en-US, alternatives are ["en-US","en-US","en-US"]
[09/29/17, 10:16:27:159] info: Loading dictionary for language en-US
[09/29/17, 10:16:27:160] info: Returning local copy: /home/cass/.config/Slack/dictionaries/en-US.bdic
[09/29/17, 10:16:27:171] info: Setting current spellchecker to en-US, requested language was en-US
[09/29/17, 10:16:27:172] info: Creating node-spellchecker instance
[09/29/17, 10:16:27:174] info: Actually installing spell check provider to Electron
[09/29/17, 10:16:27:331] info: Loading dictionary for language en-US
[09/29/17, 10:16:27:332] info: Returning local copy: /home/cass/.config/Slack/dictionaries/en-US.bdic
[09/29/17, 10:16:27:337] info: Setting current spellchecker to en-US, requested language was en-US
[09/29/17, 10:16:42:456] info: Unloading spellchecker
[09/29/17, 10:16:42:754] info: Restoring spellchecker
[09/29/17, 10:16:42:755] info: Loading dictionary for language en-US
[09/29/17, 10:16:42:756] info: Returning local copy: /home/cass/.config/Slack/dictionaries/en-US.bdic
[09/29/17, 10:16:42:825] info: Setting current spellchecker to en-US, requested language was en-US
[09/29/17, 10:16:42:826] info: Creating node-spellchecker instance
[09/29/17, 10:18:19:629] info: Store: SELECT_CHANNEL D59GTKNNA
[09/29/17, 10:18:25:633] info: Couldn't get hint text from messages in channel: Failed to fetch recent messages
[09/29/17, 10:18:33:636] info: Unloading spellchecker
[09/29/17, 10:20:51:815] info: Restoring spellchecker
[09/29/17, 10:20:51:818] info: Loading dictionary for language en-US
[09/29/17, 10:20:51:819] info: Returning local copy: /home/cass/.config/Slack/dictionaries/en-US.bdic
[09/29/17, 10:20:51:826] info: Setting current spellchecker to en-US, requested language was en-US
[09/29/17, 10:20:51:827] info: Creating node-spellchecker instance
[09/29/17, 10:20:56:408] info: Unloading spellchecker
[09/29/17, 10:22:24:496] info: Restoring spellchecker
[09/29/17, 10:22:24:504] info: Loading dictionary for language en-US
[09/29/17, 10:22:24:508] info: Returning local copy: /home/cass/.config/Slack/dictionaries/en-US.bdic
[09/29/17, 10:22:24:522] info: Setting current spellchecker to en-US, requested language was en-US
[09/29/17, 10:22:24:524] info: Creating node-spellchecker instance
[09/29/17, 10:22:30:383] info: Unloading spellchecker
[09/29/17, 10:23:15:455] warn: Unable to read quiet hours setting: windows-quiet-hours works only on Windows
[09/29/17, 10:23:15:456] warn: Unable to read quiet hours setting: windows-quiet-hours works only on Windows
[09/29/17, 10:23:15:461] info: Store: NEW_NOTIFICATION
{ id: 'qVm6fOhExyr1jAG',
  title: '[REDACTED]',
  subtitle: '[REDACTED]',
  content: '[REDACTED]',
  launchUri: 'slack://channel?id=D59GTKNNA&message=1506698594.000886&team=T57SMF4GH',
  imageUri: null,
  channel: 'D59GTKNNA',
  msg: '1506698594.000886',
  avatarImage: 'https://ca.slack-edge.com/T57SMF4GH-U59GTKD4N-g91d98f7b129-512',
  ssbFilename: undefined,
  interactive: undefined,
  teamId: 'T57SMF4GH' }
[09/29/17, 10:24:45:975] info: Restoring spellchecker
[09/29/17, 10:24:45:979] info: Loading dictionary for language en-US
[09/29/17, 10:24:45:982] info: Returning local copy: /home/cass/.config/Slack/dictionaries/en-US.bdic
[09/29/17, 10:24:46:018] info: Setting current spellchecker to en-US, requested language was en-US
[09/29/17, 10:24:46:018] info: Creating node-spellchecker instance
[09/29/17, 10:24:48:032] info: Store: SELECT_CHANNEL C7B098PAN
[09/29/17, 10:24:51:566] info: Unloading spellchecker
[09/29/17, 10:24:52:321] info: Restoring spellchecker
[09/29/17, 10:24:52:325] info: Loading dictionary for language en-US
[09/29/17, 10:24:52:328] info: Returning local copy: /home/cass/.config/Slack/dictionaries/en-US.bdic
[09/29/17, 10:24:52:342] info: Setting current spellchecker to en-US, requested language was en-US
[09/29/17, 10:24:52:343] info: Creating node-spellchecker instance
[09/29/17, 10:24:53:756] info: Store: SELECT_CHANNEL C58GPA545
[09/29/17, 10:24:54:034] info: Couldn't get hint text from messages in channel: Failed to fetch recent messages
[09/29/17, 10:24:54:127] info: Loading dictionary for language en-US
[09/29/17, 10:24:54:128] info: Returning local copy: /home/cass/.config/Slack/dictionaries/en-US.bdic
[09/29/17, 10:24:54:132] info: Setting current spellchecker to en-US, requested language was en-US
[09/29/17, 10:24:54:666] info: Store: SELECT_CHANNEL C7B098PAN
[09/29/17, 10:25:00:666] info: Couldn't get hint text from messages in channel: Failed to fetch recent messages
[09/29/17, 10:25:01:241] info: Unloading spellchecker
[09/29/17, 10:26:48:078] info: Restoring spellchecker
[09/29/17, 10:26:48:081] info: Loading dictionary for language en-US
[09/29/17, 10:26:48:082] info: Returning local copy: /home/cass/.config/Slack/dictionaries/en-US.bdic
[09/29/17, 10:26:48:090] info: Setting current spellchecker to en-US, requested language was en-US
[09/29/17, 10:26:48:090] info: Creating node-spellchecker instance
[09/29/17, 10:26:50:010] info: Store: SELECT_CHANNEL D59GTKNNA
[09/29/17, 10:26:50:283] info: Loading dictionary for language en-US
[09/29/17, 10:26:50:284] info: Returning local copy: /home/cass/.config/Slack/dictionaries/en-US.bdic
[09/29/17, 10:26:50:286] info: Setting current spellchecker to en-US, requested language was en-US
[09/29/17, 10:29:51:116] info: Unloading spellchecker
[09/29/17, 10:35:54:823] info: Restoring spellchecker
[09/29/17, 10:35:54:827] info: Loading dictionary for language en-US
[09/29/17, 10:35:54:830] info: Returning local copy: /home/cass/.config/Slack/dictionaries/en-US.bdic
[09/29/17, 10:35:54:841] info: Setting current spellchecker to en-US, requested language was en-US
[09/29/17, 10:35:54:844] info: Creating node-spellchecker instance
[09/29/17, 10:35:56:668] info: Unloading spellchecker
[09/29/17, 10:56:53:395] info: Restoring spellchecker
[09/29/17, 10:56:53:397] info: Loading dictionary for language en-US
[09/29/17, 10:56:53:398] info: Returning local copy: /home/cass/.config/Slack/dictionaries/en-US.bdic
[09/29/17, 10:56:53:404] info: Setting current spellchecker to en-US, requested language was en-US
[09/29/17, 10:56:53:405] info: Creating node-spellchecker instance
[09/29/17, 10:56:55:898] info: Unloading spellchecker
[09/29/17, 12:31:33:187] info: Store: UPDATE_TEAM_ICONS
{ icons: false, teamId: 'T57SMF4GH' }
[09/29/17, 12:31:33:282] info: Store: UPDATE_TEAM_LOCALE
{ locale: 'en-US', teamId: 'T57SMF4GH' }
[09/29/17, 12:44:57:352] info: Restoring spellchecker
[09/29/17, 12:44:57:357] info: Loading dictionary for language en-US
[09/29/17, 12:44:57:359] info: Returning local copy: /home/cass/.config/Slack/dictionaries/en-US.bdic
[09/29/17, 12:44:57:373] info: Setting current spellchecker to en-US, requested language was en-US
[09/29/17, 12:44:57:375] info: Creating node-spellchecker instance
[09/29/17, 12:45:00:099] info: Unloading spellchecker
[09/29/17, 13:03:48:822] info: Restoring spellchecker
[09/29/17, 13:03:48:824] info: Loading dictionary for language en-US
[09/29/17, 13:03:48:825] info: Returning local copy: /home/cass/.config/Slack/dictionaries/en-US.bdic
[09/29/17, 13:03:48:831] info: Setting current spellchecker to en-US, requested language was en-US
[09/29/17, 13:03:48:832] info: Creating node-spellchecker instance
[09/29/17, 13:03:50:658] info: Unloading spellchecker
[09/29/17, 15:04:25:240] info: Restoring spellchecker
[09/29/17, 15:04:25:244] info: Loading dictionary for language en-US
[09/29/17, 15:04:25:247] info: Returning local copy: /home/cass/.config/Slack/dictionaries/en-US.bdic
[09/29/17, 15:04:25:259] info: Setting current spellchecker to en-US, requested language was en-US
[09/29/17, 15:04:25:260] info: Creating node-spellchecker instance
[09/29/17, 15:04:26:384] info: Unloading spellchecker
[09/29/17, 15:04:30:480] info: Restoring spellchecker
[09/29/17, 15:04:30:483] info: Loading dictionary for language en-US
[09/29/17, 15:04:30:484] info: Returning local copy: /home/cass/.config/Slack/dictionaries/en-US.bdic
[09/29/17, 15:04:30:490] info: Setting current spellchecker to en-US, requested language was en-US
[09/29/17, 15:04:30:491] info: Creating node-spellchecker instance
[09/29/17, 15:04:32:676] info: Unloading spellchecker
[09/29/17, 15:45:22:477] info: Restoring spellchecker
[09/29/17, 15:45:22:478] info: Loading dictionary for language en-US
[09/29/17, 15:45:22:479] info: Returning local copy: /home/cass/.config/Slack/dictionaries/en-US.bdic
[09/29/17, 15:45:22:491] info: Setting current spellchecker to en-US, requested language was en-US
[09/29/17, 15:45:22:492] info: Creating node-spellchecker instance
[09/29/17, 15:45:25:991] info: Unloading spellchecker
[09/30/17, 10:17:14:512] info: ╔════════════════════════════════════════════════════════════════════════════╗
[09/30/17, 10:17:14:514] info: ║      Slack 2.7.1, linux 4.9.51-1-lts on x64 at 09/30/17, 10:17:14:504      ║
[09/30/17, 10:17:14:515] info: ╚════════════════════════════════════════════════════════════════════════════╝
[09/30/17, 10:17:14:856] info: updateSuspendResume: true
[09/30/17, 10:17:14:857] warn: updateSpellcheckerLanguage: Tried to update language, but spellchecker not initialized
[09/30/17, 10:17:15:940] info: Unloading spellchecker
[09/30/17, 10:17:17:654] info: Store: SELECT_CHANNEL D59GTKNNA
[09/30/17, 10:17:17:664] info: Store: UPDATE_TEAM_LOCALE
{ locale: 'en-US', teamId: undefined }
[09/30/17, 10:17:18:527] info: Store: UPDATE_TEAM_ICONS
{ icons: false, teamId: 'T57SMF4GH' }
[09/30/17, 10:17:18:722] info: Store: UPDATE_TEAM_LOCALE
{ locale: 'en-US', teamId: 'T57SMF4GH' }
[09/30/17, 10:17:18:892] info: Store: UPDATE_TEAM_THEME
{ theme: 
   { column_bg: '#303E4D',
     menu_bg: '#2C3849',
     active_item: '#6698C8',
     active_item_text: '#FFFFFF',
     hover_item: '#4A5664',
     text_color: '#FFFFFF',
     active_presence: '#94E864',
     badge: '#78AF8F' },
  teamId: 'T57SMF4GH' }
[09/30/17, 10:17:19:217] info: Raw Locale list: ["C","en_US.utf8","POSIX",""]
[09/30/17, 10:17:19:219] info: Filtered Locale list: ["en_US"]
[09/30/17, 10:17:19:221] info: Counts: {"en":["en_US"]}
[09/30/17, 10:17:19:222] info: Setting en
[09/30/17, 10:17:19:223] info: Result: {"en":"en-US"}
[09/30/17, 10:17:19:226] info: Requesting to load en-US, alternatives are ["en-US","en-US","en-US"]
[09/30/17, 10:17:19:227] info: Loading dictionary for language en-US
[09/30/17, 10:17:19:228] info: Returning local copy: /home/cass/.config/Slack/dictionaries/en-US.bdic
[09/30/17, 10:17:19:286] info: Requesting to load en-US, alternatives are ["en-US","en-US","en-US"]
[09/30/17, 10:17:19:287] info: Loading dictionary for language en-US
[09/30/17, 10:17:19:289] info: Returning local copy: /home/cass/.config/Slack/dictionaries/en-US.bdic
[09/30/17, 10:17:19:294] info: Setting current spellchecker to en-US, requested language was en-US
[09/30/17, 10:17:19:295] info: Creating node-spellchecker instance
[09/30/17, 10:17:19:297] info: Actually installing spell check provider to Electron
[09/30/17, 10:17:19:299] info: Setting current spellchecker to en-US, requested language was en-US
[09/30/17, 10:17:29:593] info: Unloading spellchecker
[09/30/17, 10:21:33:150] info: Restoring spellchecker
[09/30/17, 10:21:33:165] info: Loading dictionary for language en-US
[09/30/17, 10:21:33:167] info: Returning local copy: /home/cass/.config/Slack/dictionaries/en-US.bdic
[09/30/17, 10:21:33:188] info: Setting current spellchecker to en-US, requested language was en-US
[09/30/17, 10:21:33:190] info: Creating node-spellchecker instance
[09/30/17, 10:21:35:527] info: Unloading spellchecker
[09/30/17, 10:21:36:959] info: Restoring spellchecker
[09/30/17, 10:21:36:962] info: Loading dictionary for language en-US
[09/30/17, 10:21:36:964] info: Returning local copy: /home/cass/.config/Slack/dictionaries/en-US.bdic
[09/30/17, 10:21:36:975] info: Setting current spellchecker to en-US, requested language was en-US
[09/30/17, 10:21:36:976] info: Creating node-spellchecker instance
[09/30/17, 10:21:39:437] info: Unloading spellchecker
[09/30/17, 10:21:49:683] info: Restoring spellchecker
[09/30/17, 10:21:49:685] info: Loading dictionary for language en-US
[09/30/17, 10:21:49:686] info: Returning local copy: /home/cass/.config/Slack/dictionaries/en-US.bdic
[09/30/17, 10:21:49:697] info: Setting current spellchecker to en-US, requested language was en-US
[09/30/17, 10:21:49:698] info: Creating node-spellchecker instance
[09/30/17, 10:21:50:862] info: Unloading spellchecker
[09/30/17, 10:21:51:491] info: Restoring spellchecker
[09/30/17, 10:21:51:493] info: Loading dictionary for language en-US
[09/30/17, 10:21:51:494] info: Returning local copy: /home/cass/.config/Slack/dictionaries/en-US.bdic
[09/30/17, 10:21:51:505] info: Setting current spellchecker to en-US, requested language was en-US
[09/30/17, 10:21:51:506] info: Creating node-spellchecker instance
[09/30/17, 10:21:52:939] info: Unloading spellchecker
[09/30/17, 10:24:32:166] info: Restoring spellchecker
[09/30/17, 10:24:32:173] info: Loading dictionary for language en-US
[09/30/17, 10:24:32:177] info: Returning local copy: /home/cass/.config/Slack/dictionaries/en-US.bdic
[09/30/17, 10:24:32:189] info: Setting current spellchecker to en-US, requested language was en-US
[09/30/17, 10:24:32:190] info: Creating node-spellchecker instance
[09/30/17, 10:24:33:548] info: Unloading spellchecker
[09/30/17, 10:28:22:668] info: Restoring spellchecker
[09/30/17, 10:28:22:671] info: Loading dictionary for language en-US
[09/30/17, 10:28:22:674] info: Returning local copy: /home/cass/.config/Slack/dictionaries/en-US.bdic
[09/30/17, 10:28:22:685] info: Setting current spellchecker to en-US, requested language was en-US
[09/30/17, 10:28:22:686] info: Creating node-spellchecker instance
[09/30/17, 10:28:23:190] info: Unloading spellchecker
[09/30/17, 10:31:52:984] info: Restoring spellchecker
[09/30/17, 10:31:52:986] info: Loading dictionary for language en-US
[09/30/17, 10:31:52:991] info: Returning local copy: /home/cass/.config/Slack/dictionaries/en-US.bdic
[09/30/17, 10:31:52:998] info: Setting current spellchecker to en-US, requested language was en-US
[09/30/17, 10:31:52:999] info: Creating node-spellchecker instance
[09/30/17, 10:31:55:663] info: Unloading spellchecker
[09/30/17, 10:32:04:498] info: ╔════════════════════════════════════════════════════════════════════════════╗
[09/30/17, 10:32:04:499] info: ║      Slack 2.7.1, linux 4.9.51-1-lts on x64 at 09/30/17, 10:32:04:491      ║
[09/30/17, 10:32:04:500] info: ╚════════════════════════════════════════════════════════════════════════════╝
[09/30/17, 10:32:04:809] info: updateSuspendResume: true
[09/30/17, 10:32:04:811] warn: updateSpellcheckerLanguage: Tried to update language, but spellchecker not initialized
[09/30/17, 10:32:05:692] info: Unloading spellchecker
[09/30/17, 10:32:32:606] info: ╔════════════════════════════════════════════════════════════════════════════╗
[09/30/17, 10:32:32:608] info: ║      Slack 2.7.1, linux 4.9.51-1-lts on x64 at 09/30/17, 10:32:32:599      ║
[09/30/17, 10:32:32:609] info: ╚════════════════════════════════════════════════════════════════════════════╝
[09/30/17, 10:32:32:929] info: updateSuspendResume: true
[09/30/17, 10:32:32:930] warn: updateSpellcheckerLanguage: Tried to update language, but spellchecker not initialized
[09/30/17, 10:32:35:430] info: Store: SELECT_CHANNEL D59GTKNNA
[09/30/17, 10:32:35:437] info: Store: UPDATE_TEAM_LOCALE
{ locale: 'en-US', teamId: undefined }
[09/30/17, 10:32:36:008] info: Unloading spellchecker
[09/30/17, 10:32:36:585] info: Store: UPDATE_TEAM_ICONS
{ icons: false, teamId: 'T57SMF4GH' }
[09/30/17, 10:32:36:867] info: Store: UPDATE_TEAM_LOCALE
{ locale: 'en-US', teamId: 'T57SMF4GH' }
[09/30/17, 10:32:37:114] info: Store: UPDATE_TEAM_THEME
{ theme: 
   { column_bg: '#303E4D',
     menu_bg: '#2C3849',
     active_item: '#6698C8',
     active_item_text: '#FFFFFF',
     hover_item: '#4A5664',
     text_color: '#FFFFFF',
     active_presence: '#94E864',
     badge: '#78AF8F' },
  teamId: 'T57SMF4GH' }
[09/30/17, 10:32:37:601] info: Raw Locale list: ["C","en_US.utf8","POSIX",""]
[09/30/17, 10:32:37:602] info: Filtered Locale list: ["en_US"]
[09/30/17, 10:32:37:605] info: Counts: {"en":["en_US"]}
[09/30/17, 10:32:37:608] info: Setting en
[09/30/17, 10:32:37:610] info: Result: {"en":"en-US"}
[09/30/17, 10:32:37:613] info: Requesting to load en-US, alternatives are ["en-US","en-US","en-US"]
[09/30/17, 10:32:37:614] info: Loading dictionary for language en-US
[09/30/17, 10:32:37:615] info: Returning local copy: /home/cass/.config/Slack/dictionaries/en-US.bdic
[09/30/17, 10:32:37:640] info: Setting current spellchecker to en-US, requested language was en-US
[09/30/17, 10:32:37:642] info: Creating node-spellchecker instance
[09/30/17, 10:32:37:650] info: Actually installing spell check provider to Electron
[09/30/17, 10:32:37:864] info: Loading dictionary for language en-US
[09/30/17, 10:32:37:867] info: Returning local copy: /home/cass/.config/Slack/dictionaries/en-US.bdic
[09/30/17, 10:32:37:868] info: Setting current spellchecker to en-US, requested language was en-US
[09/30/17, 10:32:43:691] info: Unloading spellchecker
[09/30/17, 10:32:49:777] info: Restoring spellchecker
[09/30/17, 10:32:49:783] info: Loading dictionary for language en-US
[09/30/17, 10:32:49:787] info: Returning local copy: /home/cass/.config/Slack/dictionaries/en-US.bdic
[09/30/17, 10:32:49:801] info: Setting current spellchecker to en-US, requested language was en-US
[09/30/17, 10:32:49:803] info: Creating node-spellchecker instance
[09/30/17, 10:32:50:418] info: Unloading spellchecker
[09/30/17, 10:32:51:810] info: Restoring spellchecker
[09/30/17, 10:32:51:813] info: Loading dictionary for language en-US
[09/30/17, 10:32:51:815] info: Returning local copy: /home/cass/.config/Slack/dictionaries/en-US.bdic
[09/30/17, 10:32:51:823] info: Setting current spellchecker to en-US, requested language was en-US
[09/30/17, 10:32:51:824] info: Creating node-spellchecker instance
[09/30/17, 10:32:52:628] info: Unloading spellchecker
[09/30/17, 10:37:33:122] info: Restoring spellchecker
[09/30/17, 10:37:33:124] info: Loading dictionary for language en-US
[09/30/17, 10:37:33:125] info: Returning local copy: /home/cass/.config/Slack/dictionaries/en-US.bdic
[09/30/17, 10:37:33:136] info: Setting current spellchecker to en-US, requested language was en-US
[09/30/17, 10:37:33:137] info: Creating node-spellchecker instance
[09/30/17, 10:37:34:603] info: Unloading spellchecker
[09/30/17, 10:51:09:619] info: Restoring spellchecker
[09/30/17, 10:51:09:621] info: Loading dictionary for language en-US
[09/30/17, 10:51:09:622] info: Returning local copy: /home/cass/.config/Slack/dictionaries/en-US.bdic
[09/30/17, 10:51:09:630] info: Setting current spellchecker to en-US, requested language was en-US
[09/30/17, 10:51:09:631] info: Creating node-spellchecker instance
[09/30/17, 10:51:11:065] info: Unloading spellchecker
[09/30/17, 23:31:27:560] info: ╔════════════════════════════════════════════════════════════════════════════╗
[09/30/17, 23:31:27:561] info: ║      Slack 2.7.1, linux 4.9.52-1-lts on x64 at 09/30/17, 23:31:27:554      ║
[09/30/17, 23:31:27:562] info: ╚════════════════════════════════════════════════════════════════════════════╝
[09/30/17, 23:31:27:837] info: updateSuspendResume: true
[09/30/17, 23:31:27:838] warn: updateSpellcheckerLanguage: Tried to update language, but spellchecker not initialized
[09/30/17, 23:31:29:987] info: Store: SELECT_CHANNEL D59GTKNNA
[09/30/17, 23:31:29:994] info: Store: UPDATE_TEAM_LOCALE
{ locale: 'en-US', teamId: undefined }
[09/30/17, 23:31:30:630] info: Store: UPDATE_TEAM_THEME
{ theme: 
   { column_bg: '#303E4D',
     menu_bg: '#2C3849',
     active_item: '#6698C8',
     active_item_text: '#FFFFFF',
     hover_item: '#4A5664',
     text_color: '#FFFFFF',
     active_presence: '#94E864',
     badge: '#78AF8F' },
  teamId: 'T57SMF4GH' }
[09/30/17, 23:31:30:764] info: Store: UPDATE_TEAM_ICONS
{ icons: 
   { image_34: 'https://a.slack-edge.com/66f9/img/avatars-teams/ava_0022-34.png',
     image_44: 'https://a.slack-edge.com/66f9/img/avatars-teams/ava_0022-44.png',
     image_68: 'https://a.slack-edge.com/66f9/img/avatars-teams/ava_0022-68.png',
     image_88: 'https://a.slack-edge.com/66f9/img/avatars-teams/ava_0022-88.png',
     image_102: 'https://a.slack-edge.com/66f9/img/avatars-teams/ava_0022-102.png',
     image_132: 'https://a.slack-edge.com/66f9/img/avatars-teams/ava_0022-132.png',
     image_230: 'https://a.slack-edge.com/bfaba/img/avatars-teams/ava_0022-230.png',
     image_default: '1' },
  teamId: 'T57SMF4GH' }
[09/30/17, 23:31:30:883] info: Store: UPDATE_TEAM_LOCALE
{ locale: 'en-US', teamId: 'T57SMF4GH' }
[09/30/17, 23:31:30:972] info: Unloading spellchecker
[09/30/17, 23:31:31:368] info: Raw Locale list: ["C","en_US.utf8","POSIX",""]
[09/30/17, 23:31:31:370] info: Filtered Locale list: ["en_US"]
[09/30/17, 23:31:31:370] info: Counts: {"en":["en_US"]}
[09/30/17, 23:31:31:371] info: Setting en
[09/30/17, 23:31:31:372] info: Result: {"en":"en-US"}
[09/30/17, 23:31:31:374] info: Requesting to load en-US, alternatives are ["en-US","en-US","en-US"]
[09/30/17, 23:31:31:375] info: Loading dictionary for language en-US
[09/30/17, 23:31:31:376] info: Returning local copy: /home/cass/.config/Slack/dictionaries/en-US.bdic
[09/30/17, 23:31:31:384] info: Setting current spellchecker to en-US, requested language was en-US
[09/30/17, 23:31:31:385] info: Creating node-spellchecker instance
[09/30/17, 23:31:31:388] info: Actually installing spell check provider to Electron
[09/30/17, 23:31:31:389] info: Loading dictionary for language en-US
[09/30/17, 23:31:31:390] info: Returning local copy: /home/cass/.config/Slack/dictionaries/en-US.bdic
[09/30/17, 23:31:31:392] info: Setting current spellchecker to en-US, requested language was en-US
[09/30/17, 23:31:42:247] info: ╔════════════════════════════════════════════════════════════════════════════╗
[09/30/17, 23:31:42:249] info: ║      Slack 2.7.1, linux 4.9.52-1-lts on x64 at 09/30/17, 23:31:42:240      ║
[09/30/17, 23:31:42:249] info: ╚════════════════════════════════════════════════════════════════════════════╝
[09/30/17, 23:31:42:524] info: updateSuspendResume: true
[09/30/17, 23:31:42:525] warn: updateSpellcheckerLanguage: Tried to update language, but spellchecker not initialized
[09/30/17, 23:31:44:690] info: Store: SELECT_CHANNEL D59GTKNNA
[09/30/17, 23:31:44:698] info: Store: UPDATE_TEAM_LOCALE
{ locale: 'en-US', teamId: undefined }
[09/30/17, 23:31:45:468] info: Store: UPDATE_TEAM_ICONS
{ icons: 
   { image_34: 'https://a.slack-edge.com/66f9/img/avatars-teams/ava_0022-34.png',
     image_44: 'https://a.slack-edge.com/66f9/img/avatars-teams/ava_0022-44.png',
     image_68: 'https://a.slack-edge.com/66f9/img/avatars-teams/ava_0022-68.png',
     image_88: 'https://a.slack-edge.com/66f9/img/avatars-teams/ava_0022-88.png',
     image_102: 'https://a.slack-edge.com/66f9/img/avatars-teams/ava_0022-102.png',
     image_132: 'https://a.slack-edge.com/66f9/img/avatars-teams/ava_0022-132.png',
     image_230: 'https://a.slack-edge.com/bfaba/img/avatars-teams/ava_0022-230.png',
     image_default: '1' },
  teamId: 'T57SMF4GH' }
[09/30/17, 23:31:45:597] info: Store: UPDATE_TEAM_LOCALE
{ locale: 'en-US', teamId: 'T57SMF4GH' }
[09/30/17, 23:31:46:010] info: Store: UPDATE_TEAM_THEME
{ theme: 
   { column_bg: '#303E4D',
     menu_bg: '#2C3849',
     active_item: '#6698C8',
     active_item_text: '#FFFFFF',
     hover_item: '#4A5664',
     text_color: '#FFFFFF',
     active_presence: '#94E864',
     badge: '#78AF8F' },
  teamId: 'T57SMF4GH' }
[09/30/17, 23:31:46:077] info: Raw Locale list: ["C","en_US.utf8","POSIX",""]
[09/30/17, 23:31:46:078] info: Filtered Locale list: ["en_US"]
[09/30/17, 23:31:46:079] info: Counts: {"en":["en_US"]}
[09/30/17, 23:31:46:080] info: Setting en
[09/30/17, 23:31:46:081] info: Result: {"en":"en-US"}
[09/30/17, 23:31:46:084] info: Requesting to load en-US, alternatives are ["en-US","en-US","en-US"]
[09/30/17, 23:31:46:086] info: Loading dictionary for language en-US
[09/30/17, 23:31:46:087] info: Returning local copy: /home/cass/.config/Slack/dictionaries/en-US.bdic
[09/30/17, 23:31:46:123] info: Setting current spellchecker to en-US, requested language was en-US
[09/30/17, 23:31:46:125] info: Creating node-spellchecker instance
[09/30/17, 23:31:46:128] info: Actually installing spell check provider to Electron
[09/30/17, 23:31:46:130] info: Loading dictionary for language en-US
[09/30/17, 23:31:46:131] info: Returning local copy: /home/cass/.config/Slack/dictionaries/en-US.bdic
[09/30/17, 23:31:46:143] info: Setting current spellchecker to en-US, requested language was en-US
[09/30/17, 23:31:49:649] info: Unloading spellchecker
[09/30/17, 23:33:11:234] info: Restoring spellchecker
[09/30/17, 23:33:11:236] info: Loading dictionary for language en-US
[09/30/17, 23:33:11:237] info: Returning local copy: /home/cass/.config/Slack/dictionaries/en-US.bdic
[09/30/17, 23:33:11:246] info: Setting current spellchecker to en-US, requested language was en-US
[09/30/17, 23:33:11:247] info: Creating node-spellchecker instance
[09/30/17, 23:33:12:725] info: Unloading spellchecker
[09/30/17, 23:33:15:340] info: Restoring spellchecker
[09/30/17, 23:33:15:341] info: Loading dictionary for language en-US
[09/30/17, 23:33:15:342] info: Returning local copy: /home/cass/.config/Slack/dictionaries/en-US.bdic
[09/30/17, 23:33:15:358] info: Setting current spellchecker to en-US, requested language was en-US
[09/30/17, 23:33:15:359] info: Creating node-spellchecker instance
[09/30/17, 23:33:16:526] info: Unloading spellchecker
[09/30/17, 23:33:44:502] info: Restoring spellchecker
[09/30/17, 23:33:44:503] info: Loading dictionary for language en-US
[09/30/17, 23:33:44:504] info: Returning local copy: /home/cass/.config/Slack/dictionaries/en-US.bdic
[09/30/17, 23:33:44:511] info: Setting current spellchecker to en-US, requested language was en-US
[09/30/17, 23:33:44:512] info: Creating node-spellchecker instance
[09/30/17, 23:33:46:126] info: Unloading spellchecker
[09/30/17, 23:42:03:672] info: Restoring spellchecker
[09/30/17, 23:42:03:674] info: Loading dictionary for language en-US
[09/30/17, 23:42:03:675] info: Returning local copy: /home/cass/.config/Slack/dictionaries/en-US.bdic
[09/30/17, 23:42:03:681] info: Setting current spellchecker to en-US, requested language was en-US
[09/30/17, 23:42:03:682] info: Creating node-spellchecker instance
[09/30/17, 23:42:03:995] info: Unloading spellchecker
[10/01/17, 18:25:54:352] info: ╔════════════════════════════════════════════════════════════════════════════╗
[10/01/17, 18:25:54:354] info: ║      Slack 2.7.1, linux 4.9.52-1-lts on x64 at 10/01/17, 18:25:54:346      ║
[10/01/17, 18:25:54:354] info: ╚════════════════════════════════════════════════════════════════════════════╝
[10/01/17, 18:25:54:763] info: updateSuspendResume: true
[10/01/17, 18:25:54:764] warn: updateSpellcheckerLanguage: Tried to update language, but spellchecker not initialized
[10/01/17, 18:25:56:820] info: Unloading spellchecker
[10/01/17, 18:25:57:184] info: Store: SELECT_CHANNEL D59GTKNNA
[10/01/17, 18:25:57:191] info: Store: UPDATE_TEAM_LOCALE
{ locale: 'en-US', teamId: undefined }
[10/01/17, 18:25:58:232] info: Store: UPDATE_TEAM_ICONS
{ icons: 
   { image_34: 'https://a.slack-edge.com/66f9/img/avatars-teams/ava_0022-34.png',
     image_44: 'https://a.slack-edge.com/66f9/img/avatars-teams/ava_0022-44.png',
     image_68: 'https://a.slack-edge.com/66f9/img/avatars-teams/ava_0022-68.png',
     image_88: 'https://a.slack-edge.com/66f9/img/avatars-teams/ava_0022-88.png',
     image_102: 'https://a.slack-edge.com/66f9/img/avatars-teams/ava_0022-102.png',
     image_132: 'https://a.slack-edge.com/66f9/img/avatars-teams/ava_0022-132.png',
     image_230: 'https://a.slack-edge.com/bfaba/img/avatars-teams/ava_0022-230.png',
     image_default: '1' },
  teamId: 'T57SMF4GH' }
[10/01/17, 18:25:58:393] info: Store: UPDATE_TEAM_LOCALE
{ locale: 'en-US', teamId: 'T57SMF4GH' }
[10/01/17, 18:25:58:539] info: Store: UPDATE_TEAM_THEME
{ theme: 
   { column_bg: '#303E4D',
     menu_bg: '#2C3849',
     active_item: '#6698C8',
     active_item_text: '#FFFFFF',
     hover_item: '#4A5664',
     text_color: '#FFFFFF',
     active_presence: '#94E864',
     badge: '#78AF8F' },
  teamId: 'T57SMF4GH' }
[10/01/17, 18:25:58:996] info: Raw Locale list: ["C","en_US.utf8","POSIX",""]
[10/01/17, 18:25:59:001] info: Filtered Locale list: ["en_US"]
[10/01/17, 18:25:59:006] info: Counts: {"en":["en_US"]}
[10/01/17, 18:25:59:010] info: Setting en
[10/01/17, 18:25:59:014] info: Result: {"en":"en-US"}
[10/01/17, 18:25:59:017] info: Requesting to load en-US, alternatives are ["en-US","en-US","en-US"]
[10/01/17, 18:25:59:018] info: Loading dictionary for language en-US
[10/01/17, 18:25:59:019] info: Returning local copy: /home/cass/.config/Slack/dictionaries/en-US.bdic
[10/01/17, 18:25:59:043] info: Setting current spellchecker to en-US, requested language was en-US
[10/01/17, 18:25:59:044] info: Creating node-spellchecker instance
[10/01/17, 18:25:59:051] info: Actually installing spell check provider to Electron
[10/01/17, 18:25:59:076] info: Loading dictionary for language en-US
[10/01/17, 18:25:59:080] info: Returning local copy: /home/cass/.config/Slack/dictionaries/en-US.bdic
[10/01/17, 18:25:59:082] info: Setting current spellchecker to en-US, requested language was en-US
[10/01/17, 18:26:04:129] info: Store: SELECT_CHANNEL C7B098PAN
[10/01/17, 18:26:08:010] info: Store: SELECT_CHANNEL D59GTKNNA
[10/01/17, 18:26:08:334] info: Loading dictionary for language en-US
[10/01/17, 18:26:08:335] info: Returning local copy: /home/cass/.config/Slack/dictionaries/en-US.bdic
[10/01/17, 18:26:08:341] info: Setting current spellchecker to en-US, requested language was en-US
[10/01/17, 18:26:08:415] info: Loading dictionary for language en-US
[10/01/17, 18:26:08:415] info: Returning local copy: /home/cass/.config/Slack/dictionaries/en-US.bdic
[10/01/17, 18:26:08:417] info: Setting current spellchecker to en-US, requested language was en-US
[10/01/17, 18:26:08:934] info: Unloading spellchecker
[10/01/17, 18:26:44:553] info: Restoring spellchecker
[10/01/17, 18:26:44:556] info: Loading dictionary for language en-US
[10/01/17, 18:26:44:557] info: Returning local copy: /home/cass/.config/Slack/dictionaries/en-US.bdic
[10/01/17, 18:26:44:568] info: Setting current spellchecker to en-US, requested language was en-US
[10/01/17, 18:26:44:569] info: Creating node-spellchecker instance
[10/01/17, 18:26:49:134] info: Unloading spellchecker
[10/01/17, 18:26:49:868] info: Restoring spellchecker
[10/01/17, 18:26:49:869] info: Loading dictionary for language en-US
[10/01/17, 18:26:49:870] info: Returning local copy: /home/cass/.config/Slack/dictionaries/en-US.bdic
[10/01/17, 18:26:49:879] info: Setting current spellchecker to en-US, requested language was en-US
[10/01/17, 18:26:49:880] info: Creating node-spellchecker instance
[10/01/17, 18:26:51:304] info: Unloading spellchecker
[10/01/17, 18:26:55:443] info: Restoring spellchecker
[10/01/17, 18:26:55:445] info: Loading dictionary for language en-US
[10/01/17, 18:26:55:446] info: Returning local copy: /home/cass/.config/Slack/dictionaries/en-US.bdic
[10/01/17, 18:26:55:455] info: Setting current spellchecker to en-US, requested language was en-US
[10/01/17, 18:26:55:457] info: Creating node-spellchecker instance
[10/01/17, 18:26:57:246] info: Store: SELECT_CHANNEL D59GP1BP0
[10/01/17, 18:26:59:831] info: Unloading spellchecker
[10/01/17, 18:27:03:249] info: Couldn't get hint text from messages in channel: Failed to fetch recent messages
[10/01/17, 18:27:17:132] info: Restoring spellchecker
[10/01/17, 18:27:17:136] info: Loading dictionary for language en-US
[10/01/17, 18:27:17:139] info: Returning local copy: /home/cass/.config/Slack/dictionaries/en-US.bdic
[10/01/17, 18:27:17:155] info: Setting current spellchecker to en-US, requested language was en-US
[10/01/17, 18:27:17:157] info: Creating node-spellchecker instance
[10/01/17, 18:27:19:035] info: Unloading spellchecker
[10/01/17, 18:28:27:718] info: Restoring spellchecker
[10/01/17, 18:28:27:723] info: Loading dictionary for language en-US
[10/01/17, 18:28:27:727] info: Returning local copy: /home/cass/.config/Slack/dictionaries/en-US.bdic
[10/01/17, 18:28:27:742] info: Setting current spellchecker to en-US, requested language was en-US
[10/01/17, 18:28:27:743] info: Creating node-spellchecker instance
[10/01/17, 18:28:28:586] info: Unloading spellchecker
[10/01/17, 18:53:34:562] info: Restoring spellchecker
[10/01/17, 18:53:34:565] info: Loading dictionary for language en-US
[10/01/17, 18:53:34:567] info: Returning local copy: /home/cass/.config/Slack/dictionaries/en-US.bdic
[10/01/17, 18:53:34:577] info: Setting current spellchecker to en-US, requested language was en-US
[10/01/17, 18:53:34:578] info: Creating node-spellchecker instance
[10/01/17, 18:53:36:824] info: Unloading spellchecker
[10/01/17, 19:30:36:294] info: Restoring spellchecker
[10/01/17, 19:30:36:296] info: Loading dictionary for language en-US
[10/01/17, 19:30:36:298] info: Returning local copy: /home/cass/.config/Slack/dictionaries/en-US.bdic
[10/01/17, 19:30:36:309] info: Setting current spellchecker to en-US, requested language was en-US
[10/01/17, 19:30:36:310] info: Creating node-spellchecker instance
[10/01/17, 19:30:37:362] info: Unloading spellchecker
[10/01/17, 20:16:01:764] info: Restoring spellchecker
[10/01/17, 20:16:01:768] info: Loading dictionary for language en-US
[10/01/17, 20:16:01:772] info: Returning local copy: /home/cass/.config/Slack/dictionaries/en-US.bdic
[10/01/17, 20:16:01:784] info: Setting current spellchecker to en-US, requested language was en-US
[10/01/17, 20:16:01:786] info: Creating node-spellchecker instance
[10/01/17, 20:20:01:238] info: Unloading spellchecker
[10/01/17, 20:20:03:436] info: Restoring spellchecker
[10/01/17, 20:20:03:439] info: Loading dictionary for language en-US
[10/01/17, 20:20:03:441] info: Returning local copy: /home/cass/.config/Slack/dictionaries/en-US.bdic
[10/01/17, 20:20:03:449] info: Setting current spellchecker to en-US, requested language was en-US
[10/01/17, 20:20:03:450] info: Creating node-spellchecker instance
[10/01/17, 20:20:03:876] info: Unloading spellchecker
[10/01/17, 20:20:18:292] info: Restoring spellchecker
[10/01/17, 20:20:18:294] info: Loading dictionary for language en-US
[10/01/17, 20:20:18:296] info: Returning local copy: /home/cass/.config/Slack/dictionaries/en-US.bdic
[10/01/17, 20:20:18:302] info: Setting current spellchecker to en-US, requested language was en-US
[10/01/17, 20:20:18:303] info: Creating node-spellchecker instance
[10/01/17, 20:20:19:349] info: Unloading spellchecker
[10/01/17, 23:02:48:948] info: Store: UPDATE_TEAM_ICONS
{ icons: 
   { image_34: 'https://a.slack-edge.com/66f9/img/avatars-teams/ava_0022-34.png',
     image_44: 'https://a.slack-edge.com/66f9/img/avatars-teams/ava_0022-44.png',
     image_68: 'https://a.slack-edge.com/66f9/img/avatars-teams/ava_0022-68.png',
     image_88: 'https://a.slack-edge.com/66f9/img/avatars-teams/ava_0022-88.png',
     image_102: 'https://a.slack-edge.com/66f9/img/avatars-teams/ava_0022-102.png',
     image_132: 'https://a.slack-edge.com/66f9/img/avatars-teams/ava_0022-132.png',
     image_230: 'https://a.slack-edge.com/bfaba/img/avatars-teams/ava_0022-230.png',
     image_default: '1' },
  teamId: 'T57SMF4GH' }
[10/01/17, 23:02:49:033] info: Store: UPDATE_TEAM_LOCALE
{ locale: 'en-US', teamId: 'T57SMF4GH' }
[10/01/17, 23:23:38:653] info: Restoring spellchecker
[10/01/17, 23:23:38:658] info: Loading dictionary for language en-US
[10/01/17, 23:23:38:660] info: Returning local copy: /home/cass/.config/Slack/dictionaries/en-US.bdic
[10/01/17, 23:23:38:729] info: Setting current spellchecker to en-US, requested language was en-US
[10/01/17, 23:23:38:730] info: Creating node-spellchecker instance
[10/01/17, 23:23:39:479] info: Unloading spellchecker
[10/01/17, 23:23:39:636] info: Restoring spellchecker
[10/01/17, 23:23:39:641] info: Loading dictionary for language en-US
[10/01/17, 23:23:39:645] info: Returning local copy: /home/cass/.config/Slack/dictionaries/en-US.bdic
[10/01/17, 23:23:39:659] info: Setting current spellchecker to en-US, requested language was en-US
[10/01/17, 23:23:39:660] info: Creating node-spellchecker instance
[10/01/17, 23:23:42:180] info: Unloading spellchecker
[10/02/17, 09:43:23:763] info: Store: UPDATE_TEAM_ICONS
{ icons: 
   { image_34: 'https://a.slack-edge.com/66f9/img/avatars-teams/ava_0022-34.png',
     image_44: 'https://a.slack-edge.com/66f9/img/avatars-teams/ava_0022-44.png',
     image_68: 'https://a.slack-edge.com/66f9/img/avatars-teams/ava_0022-68.png',
     image_88: 'https://a.slack-edge.com/66f9/img/avatars-teams/ava_0022-88.png',
     image_102: 'https://a.slack-edge.com/66f9/img/avatars-teams/ava_0022-102.png',
     image_132: 'https://a.slack-edge.com/66f9/img/avatars-teams/ava_0022-132.png',
     image_230: 'https://a.slack-edge.com/bfaba/img/avatars-teams/ava_0022-230.png',
     image_default: '1' },
  teamId: 'T57SMF4GH' }
[10/02/17, 09:43:23:857] info: Store: UPDATE_TEAM_LOCALE
{ locale: 'en-US', teamId: 'T57SMF4GH' }
[10/02/17, 10:14:25:752] info: Store: UPDATE_TEAM_ICONS
{ icons: 
   { image_34: 'https://a.slack-edge.com/66f9/img/avatars-teams/ava_0022-34.png',
     image_44: 'https://a.slack-edge.com/66f9/img/avatars-teams/ava_0022-44.png',
     image_68: 'https://a.slack-edge.com/66f9/img/avatars-teams/ava_0022-68.png',
     image_88: 'https://a.slack-edge.com/66f9/img/avatars-teams/ava_0022-88.png',
     image_102: 'https://a.slack-edge.com/66f9/img/avatars-teams/ava_0022-102.png',
     image_132: 'https://a.slack-edge.com/66f9/img/avatars-teams/ava_0022-132.png',
     image_230: 'https://a.slack-edge.com/bfaba/img/avatars-teams/ava_0022-230.png',
     image_default: '1' },
  teamId: 'T57SMF4GH' }
[10/02/17, 10:14:25:825] info: Store: UPDATE_TEAM_LOCALE
{ locale: 'en-US', teamId: 'T57SMF4GH' }
[10/02/17, 12:58:58:283] info: Store: UPDATE_TEAM_ICONS
{ icons: 
   { image_34: 'https://a.slack-edge.com/66f9/img/avatars-teams/ava_0022-34.png',
     image_44: 'https://a.slack-edge.com/66f9/img/avatars-teams/ava_0022-44.png',
     image_68: 'https://a.slack-edge.com/66f9/img/avatars-teams/ava_0022-68.png',
     image_88: 'https://a.slack-edge.com/66f9/img/avatars-teams/ava_0022-88.png',
     image_102: 'https://a.slack-edge.com/66f9/img/avatars-teams/ava_0022-102.png',
     image_132: 'https://a.slack-edge.com/66f9/img/avatars-teams/ava_0022-132.png',
     image_230: 'https://a.slack-edge.com/bfaba/img/avatars-teams/ava_0022-230.png',
     image_default: '1' },
  teamId: 'T57SMF4GH' }
[10/02/17, 12:58:58:362] info: Store: UPDATE_TEAM_LOCALE
{ locale: 'en-US', teamId: 'T57SMF4GH' }
[10/02/17, 13:26:01:677] info: Store: UPDATE_TEAM_ICONS
{ icons: 
   { image_34: 'https://a.slack-edge.com/66f9/img/avatars-teams/ava_0022-34.png',
     image_44: 'https://a.slack-edge.com/66f9/img/avatars-teams/ava_0022-44.png',
     image_68: 'https://a.slack-edge.com/66f9/img/avatars-teams/ava_0022-68.png',
     image_88: 'https://a.slack-edge.com/66f9/img/avatars-teams/ava_0022-88.png',
     image_102: 'https://a.slack-edge.com/66f9/img/avatars-teams/ava_0022-102.png',
     image_132: 'https://a.slack-edge.com/66f9/img/avatars-teams/ava_0022-132.png',
     image_230: 'https://a.slack-edge.com/bfaba/img/avatars-teams/ava_0022-230.png',
     image_default: '1' },
  teamId: 'T57SMF4GH' }
[10/02/17, 13:26:01:794] info: Store: UPDATE_TEAM_LOCALE
{ locale: 'en-US', teamId: 'T57SMF4GH' }
[10/02/17, 14:51:30:502] info: Store: UPDATE_TEAM_ICONS
{ icons: 
   { image_34: 'https://a.slack-edge.com/66f9/img/avatars-teams/ava_0022-34.png',
     image_44: 'https://a.slack-edge.com/66f9/img/avatars-teams/ava_0022-44.png',
     image_68: 'https://a.slack-edge.com/66f9/img/avatars-teams/ava_0022-68.png',
     image_88: 'https://a.slack-edge.com/66f9/img/avatars-teams/ava_0022-88.png',
     image_102: 'https://a.slack-edge.com/66f9/img/avatars-teams/ava_0022-102.png',
     image_132: 'https://a.slack-edge.com/66f9/img/avatars-teams/ava_0022-132.png',
     image_230: 'https://a.slack-edge.com/bfaba/img/avatars-teams/ava_0022-230.png',
     image_default: '1' },
  teamId: 'T57SMF4GH' }
[10/02/17, 14:51:30:581] info: Store: UPDATE_TEAM_LOCALE
{ locale: 'en-US', teamId: 'T57SMF4GH' }
[10/02/17, 16:03:27:028] info: Store: UPDATE_TEAM_ICONS
{ icons: 
   { image_34: 'https://a.slack-edge.com/66f9/img/avatars-teams/ava_0022-34.png',
     image_44: 'https://a.slack-edge.com/66f9/img/avatars-teams/ava_0022-44.png',
     image_68: 'https://a.slack-edge.com/66f9/img/avatars-teams/ava_0022-68.png',
     image_88: 'https://a.slack-edge.com/66f9/img/avatars-teams/ava_0022-88.png',
     image_102: 'https://a.slack-edge.com/66f9/img/avatars-teams/ava_0022-102.png',
     image_132: 'https://a.slack-edge.com/66f9/img/avatars-teams/ava_0022-132.png',
     image_230: 'https://a.slack-edge.com/bfaba/img/avatars-teams/ava_0022-230.png',
     image_default: '1' },
  teamId: 'T57SMF4GH' }
[10/02/17, 16:03:27:144] info: Store: UPDATE_TEAM_LOCALE
{ locale: 'en-US', teamId: 'T57SMF4GH' }
[10/02/17, 16:03:54:149] info: Restoring spellchecker
[10/02/17, 16:03:54:155] info: Loading dictionary for language en-US
[10/02/17, 16:03:54:157] info: Returning local copy: /home/cass/.config/Slack/dictionaries/en-US.bdic
[10/02/17, 16:03:54:182] info: Setting current spellchecker to en-US, requested language was en-US
[10/02/17, 16:03:54:184] info: Creating node-spellchecker instance
[10/02/17, 16:08:30:156] info: Unloading spellchecker
[10/02/17, 16:08:30:893] info: Restoring spellchecker
[10/02/17, 16:08:30:895] info: Loading dictionary for language en-US
[10/02/17, 16:08:30:896] info: Returning local copy: /home/cass/.config/Slack/dictionaries/en-US.bdic
[10/02/17, 16:08:30:903] info: Setting current spellchecker to en-US, requested language was en-US
[10/02/17, 16:08:30:905] info: Creating node-spellchecker instance
[10/02/17, 16:08:38:947] info: Unloading spellchecker
[10/02/17, 16:44:52:774] info: Store: UPDATE_TEAM_ICONS
{ icons: 
   { image_34: 'https://a.slack-edge.com/66f9/img/avatars-teams/ava_0022-34.png',
     image_44: 'https://a.slack-edge.com/66f9/img/avatars-teams/ava_0022-44.png',
     image_68: 'https://a.slack-edge.com/66f9/img/avatars-teams/ava_0022-68.png',
     image_88: 'https://a.slack-edge.com/66f9/img/avatars-teams/ava_0022-88.png',
     image_102: 'https://a.slack-edge.com/66f9/img/avatars-teams/ava_0022-102.png',
     image_132: 'https://a.slack-edge.com/66f9/img/avatars-teams/ava_0022-132.png',
     image_230: 'https://a.slack-edge.com/bfaba/img/avatars-teams/ava_0022-230.png',
     image_default: '1' },
  teamId: 'T57SMF4GH' }
[10/02/17, 16:44:52:836] info: Store: UPDATE_TEAM_LOCALE
{ locale: 'en-US', teamId: 'T57SMF4GH' }
[10/02/17, 20:20:41:019] info: ╔════════════════════════════════════════════════════════════════════════════╗
[10/02/17, 20:20:41:021] info: ║      Slack 2.7.1, linux 4.9.52-1-lts on x64 at 10/02/17, 20:20:41:012      ║
[10/02/17, 20:20:41:022] info: ╚════════════════════════════════════════════════════════════════════════════╝
[10/02/17, 20:20:41:334] info: updateSuspendResume: true
[10/02/17, 20:20:41:335] warn: updateSpellcheckerLanguage: Tried to update language, but spellchecker not initialized
[10/02/17, 20:20:42:974] info: Unloading spellchecker
[10/02/17, 20:20:44:271] info: Store: SELECT_CHANNEL D59GP1BP0
[10/02/17, 20:20:44:278] info: Store: UPDATE_TEAM_LOCALE
{ locale: 'en-US', teamId: undefined }
[10/02/17, 20:20:44:832] info: Store: UPDATE_TEAM_THEME
{ theme: 
   { column_bg: '#303E4D',
     menu_bg: '#2C3849',
     active_item: '#6698C8',
     active_item_text: '#FFFFFF',
     hover_item: '#4A5664',
     text_color: '#FFFFFF',
     active_presence: '#94E864',
     badge: '#78AF8F' },
  teamId: 'T57SMF4GH' }
[10/02/17, 20:20:45:083] info: Store: UPDATE_TEAM_ICONS
{ icons: false, teamId: 'T57SMF4GH' }
[10/02/17, 20:20:45:253] info: Store: UPDATE_TEAM_LOCALE
{ locale: 'en-US', teamId: 'T57SMF4GH' }
[10/02/17, 20:20:50:274] info: Couldn't get hint text from messages in channel: Failed to fetch recent messages
[10/02/17, 20:20:50:378] info: Unloading spellchecker
[10/02/17, 20:20:52:849] info: Unloading spellchecker
[10/02/17, 20:20:57:359] info: Couldn't get hint text from messages in channel: Failed to fetch recent messages
[10/02/17, 20:27:55:405] info: Unloading spellchecker
[10/02/17, 20:42:31:443] info: Unloading spellchecker
[10/02/17, 20:46:01:468] info: Unloading spellchecker
[10/02/17, 21:03:26:243] info: Unloading spellchecker
[10/02/17, 22:02:18:813] info: Unloading spellchecker
[10/02/17, 22:35:48:379] info: Unloading spellchecker
[10/02/17, 22:57:38:141] info: Unloading spellchecker
[10/02/17, 23:11:00:171] info: Unloading spellchecker
[10/02/17, 23:11:05:001] info: Unloading spellchecker
[10/02/17, 23:58:09:895] info: ╔════════════════════════════════════════════════════════════════════════════╗
[10/02/17, 23:58:09:896] info: ║      Slack 2.7.1, linux 4.9.52-1-lts on x64 at 10/02/17, 23:58:09:887      ║
[10/02/17, 23:58:09:897] info: ╚════════════════════════════════════════════════════════════════════════════╝
[10/02/17, 23:58:10:156] info: updateSuspendResume: true
[10/02/17, 23:58:10:157] warn: updateSpellcheckerLanguage: Tried to update language, but spellchecker not initialized
[10/02/17, 23:58:12:241] info: Store: SELECT_CHANNEL D59GP1BP0
[10/02/17, 23:58:12:248] info: Store: UPDATE_TEAM_LOCALE
{ locale: 'en-US', teamId: undefined }
[10/02/17, 23:58:12:795] info: Store: UPDATE_TEAM_ICONS
{ icons: false, teamId: 'T57SMF4GH' }
[10/02/17, 23:58:12:862] info: Store: UPDATE_TEAM_LOCALE
{ locale: 'en-US', teamId: 'T57SMF4GH' }
[10/02/17, 23:58:12:928] info: Store: UPDATE_TEAM_THEME
{ theme: 
   { column_bg: '#303E4D',
     menu_bg: '#2C3849',
     active_item: '#6698C8',
     active_item_text: '#FFFFFF',
     hover_item: '#4A5664',
     text_color: '#FFFFFF',
     active_presence: '#94E864',
     badge: '#78AF8F' },
  teamId: 'T57SMF4GH' }
[10/02/17, 23:58:18:245] info: Couldn't get hint text from messages in channel: Failed to fetch recent messages
[10/02/17, 23:58:24:921] info: Couldn't get hint text from messages in channel: Failed to fetch recent messages
[10/05/17, 13:11:40:393] info: ╔════════════════════════════════════════════════════════════════════════════╗
[10/05/17, 13:11:40:395] info: ║      Slack 2.7.1, linux 4.9.52-1-lts on x64 at 10/05/17, 13:11:40:386      ║
[10/05/17, 13:11:40:395] info: ╚════════════════════════════════════════════════════════════════════════════╝
[10/05/17, 13:11:40:633] info: updateSuspendResume: true
[10/05/17, 13:11:40:634] warn: updateSpellcheckerLanguage: Tried to update language, but spellchecker not initialized
[10/05/17, 13:12:13:507] info: Unloading spellchecker
[10/05/17, 13:12:43:256] info: Unloading spellchecker
[10/05/17, 13:12:48:125] info: Unloading spellchecker
[10/05/17, 13:13:42:589] info: Store: SELECT_CHANNEL D59GP1BP0
[10/05/17, 13:13:42:596] info: Store: UPDATE_TEAM_LOCALE
{ locale: 'en-US', teamId: undefined }
[10/05/17, 13:13:43:120] info: Store: UPDATE_TEAM_THEME
{ theme: 
   { column_bg: '#303E4D',
     menu_bg: '#2C3849',
     active_item: '#6698C8',
     active_item_text: '#FFFFFF',
     hover_item: '#4A5664',
     text_color: '#FFFFFF',
     active_presence: '#94E864',
     badge: '#78AF8F' },
  teamId: 'T57SMF4GH' }
[10/05/17, 13:13:45:738] info: Store: UPDATE_TEAM_ICONS
{ icons: false, teamId: 'T57SMF4GH' }
[10/05/17, 13:13:45:796] info: Store: UPDATE_TEAM_LOCALE
{ locale: 'en-US', teamId: 'T57SMF4GH' }
[10/05/17, 13:13:48:593] info: Couldn't get hint text from messages in channel: Failed to fetch recent messages
[10/05/17, 13:13:57:846] info: Couldn't get hint text from messages in channel: Failed to fetch recent messages
[10/05/17, 13:15:23:771] info: Store: SELECT_CHANNEL D59GTKNNA
[10/05/17, 13:15:25:748] info: Unloading spellchecker
[10/05/17, 13:15:26:035] info: Raw Locale list: ["C","en_US.utf8","POSIX",""]
[10/05/17, 13:15:26:037] info: Filtered Locale list: ["en_US"]
[10/05/17, 13:15:26:038] info: Counts: {"en":["en_US"]}
[10/05/17, 13:15:26:039] info: Setting en
[10/05/17, 13:15:26:040] info: Result: {"en":"en-US"}
[10/05/17, 13:15:26:043] info: Requesting to load en-US, alternatives are ["en-US","en-US","en-US"]
[10/05/17, 13:15:26:044] info: Loading dictionary for language en-US
[10/05/17, 13:15:26:045] info: Returning local copy: /home/cass/.config/Slack/dictionaries/en-US.bdic
[10/05/17, 13:15:26:048] info: Setting current spellchecker to en-US, requested language was en-US
[10/05/17, 13:15:26:049] info: Creating node-spellchecker instance
[10/05/17, 13:15:26:051] info: Actually installing spell check provider to Electron
[10/05/17, 13:23:33:263] info: Restoring spellchecker
[10/05/17, 13:23:33:264] info: Loading dictionary for language en-US
[10/05/17, 13:23:33:266] info: Returning local copy: /home/cass/.config/Slack/dictionaries/en-US.bdic
[10/05/17, 13:23:33:276] info: Setting current spellchecker to en-US, requested language was en-US
[10/05/17, 13:23:34:842] info: Unloading spellchecker
[10/05/17, 13:27:55:779] info: Restoring spellchecker
[10/05/17, 13:27:55:781] info: Loading dictionary for language en-US
[10/05/17, 13:27:55:784] info: Returning local copy: /home/cass/.config/Slack/dictionaries/en-US.bdic
[10/05/17, 13:27:55:790] info: Setting current spellchecker to en-US, requested language was en-US
[10/05/17, 13:27:55:791] info: Creating node-spellchecker instance
[10/05/17, 13:27:58:368] info: Unloading spellchecker
[10/05/17, 13:32:03:789] info: Restoring spellchecker
[10/05/17, 13:32:03:794] info: Loading dictionary for language en-US
[10/05/17, 13:32:03:795] info: Returning local copy: /home/cass/.config/Slack/dictionaries/en-US.bdic
[10/05/17, 13:32:03:808] info: Setting current spellchecker to en-US, requested language was en-US
[10/05/17, 13:32:03:810] info: Creating node-spellchecker instance
[10/05/17, 13:32:04:365] info: Unloading spellchecker
[10/05/17, 13:35:42:540] info: Restoring spellchecker
[10/05/17, 13:35:42:541] info: Loading dictionary for language en-US
[10/05/17, 13:35:42:543] info: Returning local copy: /home/cass/.config/Slack/dictionaries/en-US.bdic
[10/05/17, 13:35:42:549] info: Setting current spellchecker to en-US, requested language was en-US
[10/05/17, 13:35:42:550] info: Creating node-spellchecker instance
[10/05/17, 13:36:42:399] info: Unloading spellchecker
[10/05/17, 13:42:17:689] info: Restoring spellchecker
[10/05/17, 13:42:17:694] info: Loading dictionary for language en-US
[10/05/17, 13:42:17:696] info: Returning local copy: /home/cass/.config/Slack/dictionaries/en-US.bdic
[10/05/17, 13:42:17:711] info: Setting current spellchecker to en-US, requested language was en-US
[10/05/17, 13:42:17:712] info: Creating node-spellchecker instance
[10/05/17, 13:42:22:078] info: Unloading spellchecker
[10/05/17, 13:42:23:240] info: Restoring spellchecker
[10/05/17, 13:42:23:243] info: Loading dictionary for language en-US
[10/05/17, 13:42:23:245] info: Returning local copy: /home/cass/.config/Slack/dictionaries/en-US.bdic
[10/05/17, 13:42:23:252] info: Setting current spellchecker to en-US, requested language was en-US
[10/05/17, 13:42:23:255] info: Creating node-spellchecker instance
[10/05/17, 13:42:24:955] info: Unloading spellchecker
[10/05/17, 13:53:04:738] info: Restoring spellchecker
[10/05/17, 13:53:04:741] info: Loading dictionary for language en-US
[10/05/17, 13:53:04:743] info: Returning local copy: /home/cass/.config/Slack/dictionaries/en-US.bdic
[10/05/17, 13:53:04:749] info: Setting current spellchecker to en-US, requested language was en-US
[10/05/17, 13:53:04:750] info: Creating node-spellchecker instance
[10/05/17, 13:53:06:185] info: Unloading spellchecker
[10/05/17, 13:53:07:254] info: Restoring spellchecker
[10/05/17, 13:53:07:256] info: Loading dictionary for language en-US
[10/05/17, 13:53:07:258] info: Returning local copy: /home/cass/.config/Slack/dictionaries/en-US.bdic
[10/05/17, 13:53:07:268] info: Setting current spellchecker to en-US, requested language was en-US
[10/05/17, 13:53:07:269] info: Creating node-spellchecker instance
[10/05/17, 13:53:07:923] info: Unloading spellchecker
[10/05/17, 14:36:44:195] info: Restoring spellchecker
[10/05/17, 14:36:44:198] info: Loading dictionary for language en-US
[10/05/17, 14:36:44:199] info: Returning local copy: /home/cass/.config/Slack/dictionaries/en-US.bdic
[10/05/17, 14:36:44:210] info: Setting current spellchecker to en-US, requested language was en-US
[10/05/17, 14:36:44:210] info: Creating node-spellchecker instance
[10/05/17, 14:36:45:046] info: Unloading spellchecker
[10/05/17, 14:36:46:974] info: Restoring spellchecker
[10/05/17, 14:36:46:975] info: Loading dictionary for language en-US
[10/05/17, 14:36:46:975] info: Returning local copy: /home/cass/.config/Slack/dictionaries/en-US.bdic
[10/05/17, 14:36:46:979] info: Setting current spellchecker to en-US, requested language was en-US
[10/05/17, 14:36:46:980] info: Creating node-spellchecker instance
[10/05/17, 14:36:47:425] info: Unloading spellchecker
[10/05/17, 14:38:12:388] info: Restoring spellchecker
[10/05/17, 14:38:12:389] info: Loading dictionary for language en-US
[10/05/17, 14:38:12:390] info: Returning local copy: /home/cass/.config/Slack/dictionaries/en-US.bdic
[10/05/17, 14:38:12:394] info: Setting current spellchecker to en-US, requested language was en-US
[10/05/17, 14:38:12:395] info: Creating node-spellchecker instance
[10/05/17, 14:38:15:746] info: Unloading spellchecker
[10/05/17, 15:15:34:074] info: Store: UPDATE_TEAM_ICONS
{ icons: false, teamId: 'T57SMF4GH' }
[10/05/17, 15:15:34:183] info: Store: UPDATE_TEAM_LOCALE
{ locale: 'en-US', teamId: 'T57SMF4GH' }
[10/05/17, 15:52:10:873] info: Store: UPDATE_TEAM_ICONS
{ icons: false, teamId: 'T57SMF4GH' }
[10/05/17, 15:52:10:975] info: Store: UPDATE_TEAM_LOCALE
{ locale: 'en-US', teamId: 'T57SMF4GH' }
[10/06/17, 23:27:30:979] info: ╔════════════════════════════════════════════════════════════════════════════╗
[10/06/17, 23:27:30:981] info: ║      Slack 2.7.1, linux 4.9.52-1-lts on x64 at 10/06/17, 23:27:30:973      ║
[10/06/17, 23:27:30:982] info: ╚════════════════════════════════════════════════════════════════════════════╝
[10/06/17, 23:27:31:290] info: updateSuspendResume: true
[10/06/17, 23:27:31:291] warn: updateSpellcheckerLanguage: Tried to update language, but spellchecker not initialized
[10/06/17, 23:27:33:867] info: Store: SELECT_CHANNEL D59GTKNNA
[10/06/17, 23:27:33:875] info: Store: UPDATE_TEAM_LOCALE
{ locale: 'en-US', teamId: undefined }
[10/06/17, 23:27:34:695] info: Store: UPDATE_TEAM_ICONS
{ icons: false, teamId: 'T57SMF4GH' }
[10/06/17, 23:27:34:855] info: Store: UPDATE_TEAM_LOCALE
{ locale: 'en-US', teamId: 'T57SMF4GH' }
[10/06/17, 23:27:35:352] info: Store: UPDATE_TEAM_THEME
{ theme: 
   { column_bg: '#303E4D',
     menu_bg: '#2C3849',
     active_item: '#6698C8',
     active_item_text: '#FFFFFF',
     hover_item: '#4A5664',
     text_color: '#FFFFFF',
     active_presence: '#94E864',
     badge: '#78AF8F' },
  teamId: 'T57SMF4GH' }
[10/06/17, 23:27:35:416] info: Raw Locale list: ["C","en_US.utf8","POSIX",""]
[10/06/17, 23:27:35:418] info: Filtered Locale list: ["en_US"]
[10/06/17, 23:27:35:420] info: Counts: {"en":["en_US"]}
[10/06/17, 23:27:35:423] info: Setting en
[10/06/17, 23:27:35:425] info: Result: {"en":"en-US"}
[10/06/17, 23:27:35:429] info: Requesting to load en-US, alternatives are ["en-US","en-US","en-US"]
[10/06/17, 23:27:35:431] info: Loading dictionary for language en-US
[10/06/17, 23:27:35:433] info: Returning local copy: /home/cass/.config/Slack/dictionaries/en-US.bdic
[10/06/17, 23:27:35:478] info: Requesting to load en-US, alternatives are ["en-US","en-US","en-US"]
[10/06/17, 23:27:35:479] info: Loading dictionary for language en-US
[10/06/17, 23:27:35:480] info: Returning local copy: /home/cass/.config/Slack/dictionaries/en-US.bdic
[10/06/17, 23:27:35:485] info: Setting current spellchecker to en-US, requested language was en-US
[10/06/17, 23:27:35:486] info: Creating node-spellchecker instance
[10/06/17, 23:27:35:489] info: Actually installing spell check provider to Electron
[10/06/17, 23:27:35:490] info: Setting current spellchecker to en-US, requested language was en-US
[10/06/17, 23:27:35:910] info: Unloading spellchecker
[10/06/17, 23:27:45:045] info: ╔════════════════════════════════════════════════════════════════════════════╗
[10/06/17, 23:27:45:048] info: ║      Slack 2.7.1, linux 4.9.52-1-lts on x64 at 10/06/17, 23:27:45:035      ║
[10/06/17, 23:27:45:050] info: ╚════════════════════════════════════════════════════════════════════════════╝
[10/06/17, 23:27:45:355] info: updateSuspendResume: true
[10/06/17, 23:27:45:356] warn: updateSpellcheckerLanguage: Tried to update language, but spellchecker not initialized
[10/06/17, 23:27:47:592] info: Store: SELECT_CHANNEL D59GTKNNA
[10/06/17, 23:27:47:600] info: Store: UPDATE_TEAM_LOCALE
{ locale: 'en-US', teamId: undefined }
[10/06/17, 23:27:48:082] info: Unloading spellchecker
[10/06/17, 23:27:48:359] info: Store: UPDATE_TEAM_ICONS
{ icons: false, teamId: 'T57SMF4GH' }
[10/06/17, 23:27:48:476] info: Store: UPDATE_TEAM_LOCALE
{ locale: 'en-US', teamId: 'T57SMF4GH' }
[10/06/17, 23:27:48:824] info: Store: UPDATE_TEAM_THEME
{ theme: 
   { column_bg: '#303E4D',
     menu_bg: '#2C3849',
     active_item: '#6698C8',
     active_item_text: '#FFFFFF',
     hover_item: '#4A5664',
     text_color: '#FFFFFF',
     active_presence: '#94E864',
     badge: '#78AF8F' },
  teamId: 'T57SMF4GH' }
[10/06/17, 23:27:48:829] info: Raw Locale list: ["C","en_US.utf8","POSIX",""]
[10/06/17, 23:27:48:830] info: Filtered Locale list: ["en_US"]
[10/06/17, 23:27:48:831] info: Counts: {"en":["en_US"]}
[10/06/17, 23:27:48:832] info: Setting en
[10/06/17, 23:27:48:833] info: Result: {"en":"en-US"}
[10/06/17, 23:27:48:835] info: Requesting to load en-US, alternatives are ["en-US","en-US","en-US"]
[10/06/17, 23:27:48:837] info: Loading dictionary for language en-US
[10/06/17, 23:27:48:838] info: Returning local copy: /home/cass/.config/Slack/dictionaries/en-US.bdic
[10/06/17, 23:27:48:869] info: Setting current spellchecker to en-US, requested language was en-US
[10/06/17, 23:27:48:870] info: Creating node-spellchecker instance
[10/06/17, 23:27:48:875] info: Actually installing spell check provider to Electron
[10/06/17, 23:27:48:920] info: Loading dictionary for language en-US
[10/06/17, 23:27:48:921] info: Returning local copy: /home/cass/.config/Slack/dictionaries/en-US.bdic
[10/06/17, 23:27:48:923] info: Setting current spellchecker to en-US, requested language was en-US
